{"/Users/bebeto/SOP10-Trader-App/src/App.tsx": {"path":"/Users/bebeto/SOP10-Trader-App/src/App.tsx","all":true,"statementMap":{"0":{"start":{"line":1,"column":0},"end":{"line":1,"column":59}},"1":{"start":{"line":2,"column":0},"end":{"line":2,"column":64}},"2":{"start":{"line":3,"column":0},"end":{"line":3,"column":60}},"3":{"start":{"line":4,"column":0},"end":{"line":4,"column":59}},"4":{"start":{"line":5,"column":0},"end":{"line":5,"column":68}},"5":{"start":{"line":6,"column":0},"end":{"line":6,"column":39}},"6":{"start":{"line":7,"column":0},"end":{"line":7,"column":25}},"7":{"start":{"line":8,"column":0},"end":{"line":8,"column":0}},"8":{"start":{"line":9,"column":0},"end":{"line":9,"column":3}},"9":{"start":{"line":10,"column":0},"end":{"line":10,"column":64}},"10":{"start":{"line":11,"column":0},"end":{"line":11,"column":2}},"11":{"start":{"line":12,"column":0},"end":{"line":12,"column":42}},"12":{"start":{"line":13,"column":0},"end":{"line":13,"column":53}},"13":{"start":{"line":14,"column":0},"end":{"line":14,"column":55}},"14":{"start":{"line":15,"column":0},"end":{"line":15,"column":53}},"15":{"start":{"line":16,"column":0},"end":{"line":16,"column":60}},"16":{"start":{"line":17,"column":0},"end":{"line":17,"column":2}},"17":{"start":{"line":18,"column":0},"end":{"line":18,"column":57}},"18":{"start":{"line":19,"column":0},"end":{"line":19,"column":24}},"19":{"start":{"line":20,"column":0},"end":{"line":20,"column":68}},"20":{"start":{"line":21,"column":0},"end":{"line":21,"column":50}},"21":{"start":{"line":22,"column":0},"end":{"line":22,"column":48}},"22":{"start":{"line":23,"column":0},"end":{"line":23,"column":66}},"23":{"start":{"line":24,"column":0},"end":{"line":24,"column":2}},"24":{"start":{"line":25,"column":0},"end":{"line":25,"column":26}},"25":{"start":{"line":26,"column":0},"end":{"line":26,"column":53}},"26":{"start":{"line":27,"column":0},"end":{"line":27,"column":47}},"27":{"start":{"line":28,"column":0},"end":{"line":28,"column":66}},"28":{"start":{"line":29,"column":0},"end":{"line":29,"column":58}},"29":{"start":{"line":30,"column":0},"end":{"line":30,"column":3}},"30":{"start":{"line":31,"column":0},"end":{"line":31,"column":0}},"31":{"start":{"line":32,"column":0},"end":{"line":32,"column":50}},"32":{"start":{"line":33,"column":0},"end":{"line":33,"column":59}},"33":{"start":{"line":34,"column":0},"end":{"line":34,"column":72}},"34":{"start":{"line":35,"column":0},"end":{"line":35,"column":72}},"35":{"start":{"line":36,"column":0},"end":{"line":36,"column":72}},"36":{"start":{"line":37,"column":0},"end":{"line":37,"column":68}},"37":{"start":{"line":38,"column":0},"end":{"line":38,"column":0}},"38":{"start":{"line":39,"column":0},"end":{"line":39,"column":16}},"39":{"start":{"line":40,"column":0},"end":{"line":40,"column":117}},"40":{"start":{"line":41,"column":0},"end":{"line":41,"column":82}},"41":{"start":{"line":42,"column":0},"end":{"line":42,"column":101}},"42":{"start":{"line":43,"column":0},"end":{"line":43,"column":0}},"43":{"start":{"line":44,"column":0},"end":{"line":44,"column":36}},"44":{"start":{"line":45,"column":0},"end":{"line":45,"column":19}},"45":{"start":{"line":46,"column":0},"end":{"line":46,"column":40}},"46":{"start":{"line":47,"column":0},"end":{"line":47,"column":11}},"47":{"start":{"line":48,"column":0},"end":{"line":48,"column":50}},"48":{"start":{"line":49,"column":0},"end":{"line":49,"column":68}},"49":{"start":{"line":50,"column":0},"end":{"line":50,"column":32}},"50":{"start":{"line":51,"column":0},"end":{"line":51,"column":75}},"51":{"start":{"line":52,"column":0},"end":{"line":52,"column":9}},"52":{"start":{"line":53,"column":0},"end":{"line":53,"column":23}},"53":{"start":{"line":54,"column":0},"end":{"line":54,"column":67}},"54":{"start":{"line":55,"column":0},"end":{"line":55,"column":7}},"55":{"start":{"line":56,"column":0},"end":{"line":56,"column":5}},"56":{"start":{"line":57,"column":0},"end":{"line":57,"column":0}},"57":{"start":{"line":58,"column":0},"end":{"line":58,"column":20}},"58":{"start":{"line":59,"column":0},"end":{"line":59,"column":0}},"59":{"start":{"line":60,"column":0},"end":{"line":60,"column":43}},"60":{"start":{"line":61,"column":0},"end":{"line":61,"column":38}},"61":{"start":{"line":62,"column":0},"end":{"line":62,"column":63}},"62":{"start":{"line":63,"column":0},"end":{"line":63,"column":51}},"63":{"start":{"line":64,"column":0},"end":{"line":64,"column":5}},"64":{"start":{"line":65,"column":0},"end":{"line":65,"column":0}},"65":{"start":{"line":66,"column":0},"end":{"line":66,"column":51}},"66":{"start":{"line":67,"column":0},"end":{"line":67,"column":0}},"67":{"start":{"line":68,"column":0},"end":{"line":68,"column":18}},"68":{"start":{"line":69,"column":0},"end":{"line":69,"column":56}},"69":{"start":{"line":70,"column":0},"end":{"line":70,"column":5}},"70":{"start":{"line":71,"column":0},"end":{"line":71,"column":8}},"71":{"start":{"line":72,"column":0},"end":{"line":72,"column":0}},"72":{"start":{"line":73,"column":0},"end":{"line":73,"column":60}},"73":{"start":{"line":74,"column":0},"end":{"line":74,"column":26}},"74":{"start":{"line":75,"column":0},"end":{"line":75,"column":32}},"75":{"start":{"line":76,"column":0},"end":{"line":76,"column":3}},"76":{"start":{"line":77,"column":0},"end":{"line":77,"column":0}},"77":{"start":{"line":78,"column":0},"end":{"line":78,"column":64}},"78":{"start":{"line":79,"column":0},"end":{"line":79,"column":37}},"79":{"start":{"line":80,"column":0},"end":{"line":80,"column":3}},"80":{"start":{"line":81,"column":0},"end":{"line":81,"column":0}},"81":{"start":{"line":82,"column":0},"end":{"line":82,"column":10}},"82":{"start":{"line":83,"column":0},"end":{"line":83,"column":47}},"83":{"start":{"line":84,"column":0},"end":{"line":84,"column":26}},"84":{"start":{"line":85,"column":0},"end":{"line":85,"column":29}},"85":{"start":{"line":86,"column":0},"end":{"line":86,"column":80}},"86":{"start":{"line":87,"column":0},"end":{"line":87,"column":64}},"87":{"start":{"line":88,"column":0},"end":{"line":88,"column":17}},"88":{"start":{"line":89,"column":0},"end":{"line":89,"column":56}},"89":{"start":{"line":90,"column":0},"end":{"line":90,"column":72}},"90":{"start":{"line":91,"column":0},"end":{"line":91,"column":42}},"91":{"start":{"line":92,"column":0},"end":{"line":92,"column":42}},"92":{"start":{"line":93,"column":0},"end":{"line":93,"column":63}},"93":{"start":{"line":94,"column":0},"end":{"line":94,"column":15}},"94":{"start":{"line":95,"column":0},"end":{"line":95,"column":11}},"95":{"start":{"line":96,"column":0},"end":{"line":96,"column":30}},"96":{"start":{"line":97,"column":0},"end":{"line":97,"column":19}},"97":{"start":{"line":98,"column":0},"end":{"line":98,"column":17}},"98":{"start":{"line":99,"column":0},"end":{"line":99,"column":56}},"99":{"start":{"line":100,"column":0},"end":{"line":100,"column":72}},"100":{"start":{"line":101,"column":0},"end":{"line":101,"column":42}},"101":{"start":{"line":102,"column":0},"end":{"line":102,"column":42}},"102":{"start":{"line":103,"column":0},"end":{"line":103,"column":63}},"103":{"start":{"line":104,"column":0},"end":{"line":104,"column":15}},"104":{"start":{"line":105,"column":0},"end":{"line":105,"column":11}},"105":{"start":{"line":106,"column":0},"end":{"line":106,"column":30}},"106":{"start":{"line":107,"column":0},"end":{"line":107,"column":19}},"107":{"start":{"line":108,"column":0},"end":{"line":108,"column":17}},"108":{"start":{"line":109,"column":0},"end":{"line":109,"column":57}},"109":{"start":{"line":110,"column":0},"end":{"line":110,"column":72}},"110":{"start":{"line":111,"column":0},"end":{"line":111,"column":43}},"111":{"start":{"line":112,"column":0},"end":{"line":112,"column":42}},"112":{"start":{"line":113,"column":0},"end":{"line":113,"column":63}},"113":{"start":{"line":114,"column":0},"end":{"line":114,"column":15}},"114":{"start":{"line":115,"column":0},"end":{"line":115,"column":11}},"115":{"start":{"line":116,"column":0},"end":{"line":116,"column":30}},"116":{"start":{"line":117,"column":0},"end":{"line":117,"column":19}},"117":{"start":{"line":118,"column":0},"end":{"line":118,"column":17}},"118":{"start":{"line":119,"column":0},"end":{"line":119,"column":54}},"119":{"start":{"line":120,"column":0},"end":{"line":120,"column":72}},"120":{"start":{"line":121,"column":0},"end":{"line":121,"column":40}},"121":{"start":{"line":122,"column":0},"end":{"line":122,"column":42}},"122":{"start":{"line":123,"column":0},"end":{"line":123,"column":63}},"123":{"start":{"line":124,"column":0},"end":{"line":124,"column":15}},"124":{"start":{"line":125,"column":0},"end":{"line":125,"column":11}},"125":{"start":{"line":126,"column":0},"end":{"line":126,"column":28}},"126":{"start":{"line":127,"column":0},"end":{"line":127,"column":19}},"127":{"start":{"line":128,"column":0},"end":{"line":128,"column":0}},"128":{"start":{"line":129,"column":0},"end":{"line":129,"column":46}},"129":{"start":{"line":130,"column":0},"end":{"line":130,"column":17}},"130":{"start":{"line":131,"column":0},"end":{"line":131,"column":28}},"131":{"start":{"line":132,"column":0},"end":{"line":132,"column":19}},"132":{"start":{"line":133,"column":0},"end":{"line":133,"column":75}},"133":{"start":{"line":134,"column":0},"end":{"line":134,"column":31}},"134":{"start":{"line":135,"column":0},"end":{"line":135,"column":55}},"135":{"start":{"line":136,"column":0},"end":{"line":136,"column":78}},"136":{"start":{"line":137,"column":0},"end":{"line":137,"column":59}},"137":{"start":{"line":138,"column":0},"end":{"line":138,"column":70}},"138":{"start":{"line":139,"column":0},"end":{"line":139,"column":20}},"139":{"start":{"line":140,"column":0},"end":{"line":140,"column":17}},"140":{"start":{"line":141,"column":0},"end":{"line":141,"column":52}},"141":{"start":{"line":142,"column":0},"end":{"line":142,"column":61}},"142":{"start":{"line":143,"column":0},"end":{"line":143,"column":15}},"143":{"start":{"line":144,"column":0},"end":{"line":144,"column":14}},"144":{"start":{"line":145,"column":0},"end":{"line":145,"column":133}},"145":{"start":{"line":146,"column":0},"end":{"line":146,"column":39}},"146":{"start":{"line":147,"column":0},"end":{"line":147,"column":11}},"147":{"start":{"line":148,"column":0},"end":{"line":148,"column":26}},"148":{"start":{"line":149,"column":0},"end":{"line":149,"column":19}},"149":{"start":{"line":150,"column":0},"end":{"line":150,"column":14}},"150":{"start":{"line":151,"column":0},"end":{"line":151,"column":12}},"151":{"start":{"line":152,"column":0},"end":{"line":152,"column":0}},"152":{"start":{"line":153,"column":0},"end":{"line":153,"column":82}},"153":{"start":{"line":154,"column":0},"end":{"line":154,"column":11}},"154":{"start":{"line":155,"column":0},"end":{"line":155,"column":42}},"155":{"start":{"line":156,"column":0},"end":{"line":156,"column":50}},"156":{"start":{"line":157,"column":0},"end":{"line":157,"column":72}},"157":{"start":{"line":158,"column":0},"end":{"line":158,"column":21}},"158":{"start":{"line":159,"column":0},"end":{"line":159,"column":10}},"159":{"start":{"line":160,"column":0},"end":{"line":160,"column":42}},"160":{"start":{"line":161,"column":0},"end":{"line":161,"column":50}},"161":{"start":{"line":162,"column":0},"end":{"line":162,"column":27}},"162":{"start":{"line":163,"column":0},"end":{"line":163,"column":54}},"163":{"start":{"line":164,"column":0},"end":{"line":164,"column":57}},"164":{"start":{"line":165,"column":0},"end":{"line":165,"column":67}},"165":{"start":{"line":166,"column":0},"end":{"line":166,"column":14}},"166":{"start":{"line":167,"column":0},"end":{"line":167,"column":21}},"167":{"start":{"line":168,"column":0},"end":{"line":168,"column":10}},"168":{"start":{"line":169,"column":0},"end":{"line":169,"column":43}},"169":{"start":{"line":170,"column":0},"end":{"line":170,"column":50}},"170":{"start":{"line":171,"column":0},"end":{"line":171,"column":30}},"171":{"start":{"line":172,"column":0},"end":{"line":172,"column":21}},"172":{"start":{"line":173,"column":0},"end":{"line":173,"column":10}},"173":{"start":{"line":174,"column":0},"end":{"line":174,"column":40}},"174":{"start":{"line":175,"column":0},"end":{"line":175,"column":50}},"175":{"start":{"line":176,"column":0},"end":{"line":176,"column":83}},"176":{"start":{"line":177,"column":0},"end":{"line":177,"column":21}},"177":{"start":{"line":178,"column":0},"end":{"line":178,"column":10}},"178":{"start":{"line":179,"column":0},"end":{"line":179,"column":12}},"179":{"start":{"line":180,"column":0},"end":{"line":180,"column":10}},"180":{"start":{"line":181,"column":0},"end":{"line":181,"column":3}},"181":{"start":{"line":182,"column":0},"end":{"line":182,"column":1}},"182":{"start":{"line":183,"column":0},"end":{"line":183,"column":0}},"183":{"start":{"line":184,"column":0},"end":{"line":184,"column":18}}},"s":{"0":0,"1":0,"2":0,"3":0,"4":0,"5":0,"6":0,"7":0,"8":0,"9":0,"10":0,"11":0,"12":0,"13":0,"14":0,"15":0,"16":0,"17":0,"18":0,"19":0,"20":0,"21":0,"22":0,"23":0,"24":0,"25":0,"26":0,"27":0,"28":0,"29":0,"30":0,"31":0,"32":0,"33":0,"34":0,"35":0,"36":0,"37":0,"38":0,"39":0,"40":0,"41":0,"42":0,"43":0,"44":0,"45":0,"46":0,"47":0,"48":0,"49":0,"50":0,"51":0,"52":0,"53":0,"54":0,"55":0,"56":0,"57":0,"58":0,"59":0,"60":0,"61":0,"62":0,"63":0,"64":0,"65":0,"66":0,"67":0,"68":0,"69":0,"70":0,"71":0,"72":0,"73":0,"74":0,"75":0,"76":0,"77":0,"78":0,"79":0,"80":0,"81":0,"82":0,"83":0,"84":0,"85":0,"86":0,"87":0,"88":0,"89":0,"90":0,"91":0,"92":0,"93":0,"94":0,"95":0,"96":0,"97":0,"98":0,"99":0,"100":0,"101":0,"102":0,"103":0,"104":0,"105":0,"106":0,"107":0,"108":0,"109":0,"110":0,"111":0,"112":0,"113":0,"114":0,"115":0,"116":0,"117":0,"118":0,"119":0,"120":0,"121":0,"122":0,"123":0,"124":0,"125":0,"126":0,"127":0,"128":0,"129":0,"130":0,"131":0,"132":0,"133":0,"134":0,"135":0,"136":0,"137":0,"138":0,"139":0,"140":0,"141":0,"142":0,"143":0,"144":0,"145":0,"146":0,"147":0,"148":0,"149":0,"150":0,"151":0,"152":0,"153":0,"154":0,"155":0,"156":0,"157":0,"158":0,"159":0,"160":0,"161":0,"162":0,"163":0,"164":0,"165":0,"166":0,"167":0,"168":0,"169":0,"170":0,"171":0,"172":0,"173":0,"174":0,"175":0,"176":0,"177":0,"178":0,"179":0,"180":0,"181":0,"182":0,"183":0},"branchMap":{"0":{"type":"branch","line":1,"loc":{"start":{"line":1,"column":0},"end":{"line":184,"column":-924}},"locations":[{"start":{"line":1,"column":0},"end":{"line":184,"column":-924}}]}},"b":{"0":[0]},"fnMap":{"0":{"name":"(empty-report)","decl":{"start":{"line":1,"column":0},"end":{"line":184,"column":-924}},"loc":{"start":{"line":1,"column":0},"end":{"line":184,"column":-924}},"line":1}},"f":{"0":0}}
,"/Users/bebeto/SOP10-Trader-App/src/main.tsx": {"path":"/Users/bebeto/SOP10-Trader-App/src/main.tsx","all":true,"statementMap":{"0":{"start":{"line":1,"column":0},"end":{"line":1,"column":25}},"1":{"start":{"line":2,"column":0},"end":{"line":2,"column":39}},"2":{"start":{"line":3,"column":0},"end":{"line":3,"column":27}},"3":{"start":{"line":4,"column":0},"end":{"line":4,"column":58}},"4":{"start":{"line":5,"column":0},"end":{"line":5,"column":43}},"5":{"start":{"line":6,"column":0},"end":{"line":6,"column":25}},"6":{"start":{"line":7,"column":0},"end":{"line":7,"column":0}},"7":{"start":{"line":8,"column":0},"end":{"line":8,"column":39}},"8":{"start":{"line":9,"column":0},"end":{"line":9,"column":12}},"9":{"start":{"line":10,"column":0},"end":{"line":10,"column":0}},"10":{"start":{"line":11,"column":0},"end":{"line":11,"column":61}},"11":{"start":{"line":12,"column":0},"end":{"line":12,"column":20}},"12":{"start":{"line":13,"column":0},"end":{"line":13,"column":19}},"13":{"start":{"line":14,"column":0},"end":{"line":14,"column":13}},"14":{"start":{"line":15,"column":0},"end":{"line":15,"column":20}},"15":{"start":{"line":16,"column":0},"end":{"line":16,"column":22}},"16":{"start":{"line":17,"column":0},"end":{"line":17,"column":1}}},"s":{"0":0,"1":0,"2":0,"3":0,"4":0,"5":0,"6":0,"7":0,"8":0,"9":0,"10":0,"11":0,"12":0,"13":0,"14":0,"15":0,"16":0},"branchMap":{"0":{"type":"branch","line":1,"loc":{"start":{"line":1,"column":440},"end":{"line":17,"column":1}},"locations":[{"start":{"line":1,"column":440},"end":{"line":17,"column":1}}]}},"b":{"0":[0]},"fnMap":{"0":{"name":"(empty-report)","decl":{"start":{"line":1,"column":440},"end":{"line":17,"column":1}},"loc":{"start":{"line":1,"column":440},"end":{"line":17,"column":1}},"line":1}},"f":{"0":0}}
,"/Users/bebeto/SOP10-Trader-App/src/api/tradeClient.ts": {"path":"/Users/bebeto/SOP10-Trader-App/src/api/tradeClient.ts","all":false,"statementMap":{"0":{"start":{"line":1,"column":0},"end":{"line":1,"column":49}},"1":{"start":{"line":2,"column":0},"end":{"line":2,"column":0}},"2":{"start":{"line":3,"column":0},"end":{"line":3,"column":101}},"3":{"start":{"line":4,"column":0},"end":{"line":4,"column":0}},"4":{"start":{"line":5,"column":0},"end":{"line":5,"column":3}},"5":{"start":{"line":6,"column":0},"end":{"line":6,"column":60}},"6":{"start":{"line":7,"column":0},"end":{"line":7,"column":50}},"7":{"start":{"line":8,"column":0},"end":{"line":8,"column":3}},"8":{"start":{"line":9,"column":0},"end":{"line":9,"column":29}},"9":{"start":{"line":10,"column":0},"end":{"line":10,"column":25}},"10":{"start":{"line":11,"column":0},"end":{"line":11,"column":0}},"11":{"start":{"line":12,"column":0},"end":{"line":12,"column":17}},"12":{"start":{"line":13,"column":0},"end":{"line":13,"column":31}},"13":{"start":{"line":14,"column":0},"end":{"line":14,"column":3}},"14":{"start":{"line":15,"column":0},"end":{"line":15,"column":0}},"15":{"start":{"line":16,"column":0},"end":{"line":16,"column":5}},"16":{"start":{"line":17,"column":0},"end":{"line":17,"column":30}},"17":{"start":{"line":18,"column":0},"end":{"line":18,"column":5}},"18":{"start":{"line":19,"column":0},"end":{"line":19,"column":46}},"19":{"start":{"line":20,"column":0},"end":{"line":20,"column":9}},"20":{"start":{"line":21,"column":0},"end":{"line":21,"column":82}},"21":{"start":{"line":22,"column":0},"end":{"line":22,"column":22}},"22":{"start":{"line":23,"column":0},"end":{"line":23,"column":41}},"23":{"start":{"line":24,"column":0},"end":{"line":24,"column":8}},"24":{"start":{"line":25,"column":0},"end":{"line":25,"column":24}},"25":{"start":{"line":26,"column":0},"end":{"line":26,"column":13}},"26":{"start":{"line":27,"column":0},"end":{"line":27,"column":18}},"27":{"start":{"line":28,"column":0},"end":{"line":28,"column":5}},"28":{"start":{"line":29,"column":0},"end":{"line":29,"column":3}},"29":{"start":{"line":30,"column":0},"end":{"line":30,"column":0}},"30":{"start":{"line":31,"column":0},"end":{"line":31,"column":5}},"31":{"start":{"line":32,"column":0},"end":{"line":32,"column":20}},"32":{"start":{"line":33,"column":0},"end":{"line":33,"column":5}},"33":{"start":{"line":34,"column":0},"end":{"line":34,"column":29}},"34":{"start":{"line":35,"column":0},"end":{"line":35,"column":44}},"35":{"start":{"line":36,"column":0},"end":{"line":36,"column":18}},"36":{"start":{"line":37,"column":0},"end":{"line":37,"column":19}},"37":{"start":{"line":38,"column":0},"end":{"line":38,"column":29}},"38":{"start":{"line":39,"column":0},"end":{"line":39,"column":9}},"39":{"start":{"line":40,"column":0},"end":{"line":40,"column":44}},"40":{"start":{"line":41,"column":0},"end":{"line":41,"column":0}},"41":{"start":{"line":42,"column":0},"end":{"line":42,"column":22}},"42":{"start":{"line":43,"column":0},"end":{"line":43,"column":72}},"43":{"start":{"line":44,"column":0},"end":{"line":44,"column":40}},"44":{"start":{"line":45,"column":0},"end":{"line":45,"column":7}},"45":{"start":{"line":46,"column":0},"end":{"line":46,"column":0}},"46":{"start":{"line":47,"column":0},"end":{"line":47,"column":42}},"47":{"start":{"line":48,"column":0},"end":{"line":48,"column":66}},"48":{"start":{"line":49,"column":0},"end":{"line":49,"column":74}},"49":{"start":{"line":50,"column":0},"end":{"line":50,"column":77}},"50":{"start":{"line":51,"column":0},"end":{"line":51,"column":0}},"51":{"start":{"line":52,"column":0},"end":{"line":52,"column":72}},"52":{"start":{"line":53,"column":0},"end":{"line":53,"column":22}},"53":{"start":{"line":54,"column":0},"end":{"line":54,"column":55}},"54":{"start":{"line":55,"column":0},"end":{"line":55,"column":8}},"55":{"start":{"line":56,"column":0},"end":{"line":56,"column":0}},"56":{"start":{"line":57,"column":0},"end":{"line":57,"column":65}},"57":{"start":{"line":58,"column":0},"end":{"line":58,"column":0}},"58":{"start":{"line":59,"column":0},"end":{"line":59,"column":40}},"59":{"start":{"line":60,"column":0},"end":{"line":60,"column":36}},"60":{"start":{"line":61,"column":0},"end":{"line":61,"column":0}},"61":{"start":{"line":62,"column":0},"end":{"line":62,"column":27}},"62":{"start":{"line":63,"column":0},"end":{"line":63,"column":35}},"63":{"start":{"line":64,"column":0},"end":{"line":64,"column":0}},"64":{"start":{"line":65,"column":0},"end":{"line":65,"column":19}},"65":{"start":{"line":66,"column":0},"end":{"line":66,"column":21}},"66":{"start":{"line":67,"column":0},"end":{"line":67,"column":52}},"67":{"start":{"line":68,"column":0},"end":{"line":68,"column":38}},"68":{"start":{"line":69,"column":0},"end":{"line":69,"column":5}},"69":{"start":{"line":70,"column":0},"end":{"line":70,"column":3}},"70":{"start":{"line":71,"column":0},"end":{"line":71,"column":0}},"71":{"start":{"line":72,"column":0},"end":{"line":72,"column":5}},"72":{"start":{"line":73,"column":0},"end":{"line":73,"column":24}},"73":{"start":{"line":74,"column":0},"end":{"line":74,"column":5}},"74":{"start":{"line":75,"column":0},"end":{"line":75,"column":58}},"75":{"start":{"line":76,"column":0},"end":{"line":76,"column":9}},"76":{"start":{"line":77,"column":0},"end":{"line":77,"column":44}},"77":{"start":{"line":78,"column":0},"end":{"line":78,"column":0}},"78":{"start":{"line":79,"column":0},"end":{"line":79,"column":22}},"79":{"start":{"line":80,"column":0},"end":{"line":80,"column":41}},"80":{"start":{"line":81,"column":0},"end":{"line":81,"column":7}},"81":{"start":{"line":82,"column":0},"end":{"line":82,"column":0}},"82":{"start":{"line":83,"column":0},"end":{"line":83,"column":68}},"83":{"start":{"line":84,"column":0},"end":{"line":84,"column":22}},"84":{"start":{"line":85,"column":0},"end":{"line":85,"column":55}},"85":{"start":{"line":86,"column":0},"end":{"line":86,"column":8}},"86":{"start":{"line":87,"column":0},"end":{"line":87,"column":0}},"87":{"start":{"line":88,"column":0},"end":{"line":88,"column":35}},"88":{"start":{"line":89,"column":0},"end":{"line":89,"column":0}},"89":{"start":{"line":90,"column":0},"end":{"line":90,"column":40}},"90":{"start":{"line":91,"column":0},"end":{"line":91,"column":30}},"91":{"start":{"line":92,"column":0},"end":{"line":92,"column":21}},"92":{"start":{"line":93,"column":0},"end":{"line":93,"column":51}},"93":{"start":{"line":94,"column":0},"end":{"line":94,"column":39}},"94":{"start":{"line":95,"column":0},"end":{"line":95,"column":5}},"95":{"start":{"line":96,"column":0},"end":{"line":96,"column":3}},"96":{"start":{"line":97,"column":0},"end":{"line":97,"column":0}},"97":{"start":{"line":98,"column":0},"end":{"line":98,"column":5}},"98":{"start":{"line":99,"column":0},"end":{"line":99,"column":21}},"99":{"start":{"line":100,"column":0},"end":{"line":100,"column":5}},"100":{"start":{"line":101,"column":0},"end":{"line":101,"column":88}},"101":{"start":{"line":102,"column":0},"end":{"line":102,"column":9}},"102":{"start":{"line":103,"column":0},"end":{"line":103,"column":44}},"103":{"start":{"line":104,"column":0},"end":{"line":104,"column":0}},"104":{"start":{"line":105,"column":0},"end":{"line":105,"column":22}},"105":{"start":{"line":106,"column":0},"end":{"line":106,"column":57}},"106":{"start":{"line":107,"column":0},"end":{"line":107,"column":44}},"107":{"start":{"line":108,"column":0},"end":{"line":108,"column":7}},"108":{"start":{"line":109,"column":0},"end":{"line":109,"column":0}},"109":{"start":{"line":110,"column":0},"end":{"line":110,"column":62}},"110":{"start":{"line":111,"column":0},"end":{"line":111,"column":23}},"111":{"start":{"line":112,"column":0},"end":{"line":112,"column":56}},"112":{"start":{"line":113,"column":0},"end":{"line":113,"column":34}},"113":{"start":{"line":114,"column":0},"end":{"line":114,"column":8}},"114":{"start":{"line":115,"column":0},"end":{"line":115,"column":0}},"115":{"start":{"line":116,"column":0},"end":{"line":116,"column":65}},"116":{"start":{"line":117,"column":0},"end":{"line":117,"column":0}},"117":{"start":{"line":118,"column":0},"end":{"line":118,"column":42}},"118":{"start":{"line":119,"column":0},"end":{"line":119,"column":31}},"119":{"start":{"line":120,"column":0},"end":{"line":120,"column":0}},"120":{"start":{"line":121,"column":0},"end":{"line":121,"column":21}},"121":{"start":{"line":122,"column":0},"end":{"line":122,"column":46}},"122":{"start":{"line":123,"column":0},"end":{"line":123,"column":24}},"123":{"start":{"line":124,"column":0},"end":{"line":124,"column":35}},"124":{"start":{"line":125,"column":0},"end":{"line":125,"column":0}},"125":{"start":{"line":126,"column":0},"end":{"line":126,"column":30}},"126":{"start":{"line":127,"column":0},"end":{"line":127,"column":38}},"127":{"start":{"line":128,"column":0},"end":{"line":128,"column":0}},"128":{"start":{"line":129,"column":0},"end":{"line":129,"column":18}},"129":{"start":{"line":130,"column":0},"end":{"line":130,"column":21}},"130":{"start":{"line":131,"column":0},"end":{"line":131,"column":51}},"131":{"start":{"line":132,"column":0},"end":{"line":132,"column":42}},"132":{"start":{"line":133,"column":0},"end":{"line":133,"column":5}},"133":{"start":{"line":134,"column":0},"end":{"line":134,"column":3}},"134":{"start":{"line":135,"column":0},"end":{"line":135,"column":0}},"135":{"start":{"line":136,"column":0},"end":{"line":136,"column":5}},"136":{"start":{"line":137,"column":0},"end":{"line":137,"column":24}},"137":{"start":{"line":138,"column":0},"end":{"line":138,"column":5}},"138":{"start":{"line":139,"column":0},"end":{"line":139,"column":88}},"139":{"start":{"line":140,"column":0},"end":{"line":140,"column":9}},"140":{"start":{"line":141,"column":0},"end":{"line":141,"column":44}},"141":{"start":{"line":142,"column":0},"end":{"line":142,"column":0}},"142":{"start":{"line":143,"column":0},"end":{"line":143,"column":22}},"143":{"start":{"line":144,"column":0},"end":{"line":144,"column":48}},"144":{"start":{"line":145,"column":0},"end":{"line":145,"column":7}},"145":{"start":{"line":146,"column":0},"end":{"line":146,"column":0}},"146":{"start":{"line":147,"column":0},"end":{"line":147,"column":68}},"147":{"start":{"line":148,"column":0},"end":{"line":148,"column":22}},"148":{"start":{"line":149,"column":0},"end":{"line":149,"column":56}},"149":{"start":{"line":150,"column":0},"end":{"line":150,"column":34}},"150":{"start":{"line":151,"column":0},"end":{"line":151,"column":8}},"151":{"start":{"line":152,"column":0},"end":{"line":152,"column":0}},"152":{"start":{"line":153,"column":0},"end":{"line":153,"column":35}},"153":{"start":{"line":154,"column":0},"end":{"line":154,"column":0}},"154":{"start":{"line":155,"column":0},"end":{"line":155,"column":42}},"155":{"start":{"line":156,"column":0},"end":{"line":156,"column":31}},"156":{"start":{"line":157,"column":0},"end":{"line":157,"column":0}},"157":{"start":{"line":158,"column":0},"end":{"line":158,"column":21}},"158":{"start":{"line":159,"column":0},"end":{"line":159,"column":46}},"159":{"start":{"line":160,"column":0},"end":{"line":160,"column":54}},"160":{"start":{"line":161,"column":0},"end":{"line":161,"column":23}},"161":{"start":{"line":162,"column":0},"end":{"line":162,"column":29}},"162":{"start":{"line":163,"column":0},"end":{"line":163,"column":37}},"163":{"start":{"line":164,"column":0},"end":{"line":164,"column":7}},"164":{"start":{"line":165,"column":0},"end":{"line":165,"column":0}},"165":{"start":{"line":166,"column":0},"end":{"line":166,"column":18}},"166":{"start":{"line":167,"column":0},"end":{"line":167,"column":21}},"167":{"start":{"line":168,"column":0},"end":{"line":168,"column":51}},"168":{"start":{"line":169,"column":0},"end":{"line":169,"column":46}},"169":{"start":{"line":170,"column":0},"end":{"line":170,"column":5}},"170":{"start":{"line":171,"column":0},"end":{"line":171,"column":3}},"171":{"start":{"line":172,"column":0},"end":{"line":172,"column":0}},"172":{"start":{"line":173,"column":0},"end":{"line":173,"column":5}},"173":{"start":{"line":174,"column":0},"end":{"line":174,"column":30}},"174":{"start":{"line":175,"column":0},"end":{"line":175,"column":5}},"175":{"start":{"line":176,"column":0},"end":{"line":176,"column":95}},"176":{"start":{"line":177,"column":0},"end":{"line":177,"column":9}},"177":{"start":{"line":178,"column":0},"end":{"line":178,"column":44}},"178":{"start":{"line":179,"column":0},"end":{"line":179,"column":0}},"179":{"start":{"line":180,"column":0},"end":{"line":180,"column":22}},"180":{"start":{"line":181,"column":0},"end":{"line":181,"column":62}},"181":{"start":{"line":182,"column":0},"end":{"line":182,"column":7}},"182":{"start":{"line":183,"column":0},"end":{"line":183,"column":0}},"183":{"start":{"line":184,"column":0},"end":{"line":184,"column":74}},"184":{"start":{"line":185,"column":0},"end":{"line":185,"column":22}},"185":{"start":{"line":186,"column":0},"end":{"line":186,"column":56}},"186":{"start":{"line":187,"column":0},"end":{"line":187,"column":30}},"187":{"start":{"line":188,"column":0},"end":{"line":188,"column":20}},"188":{"start":{"line":189,"column":0},"end":{"line":189,"column":42}},"189":{"start":{"line":190,"column":0},"end":{"line":190,"column":10}},"190":{"start":{"line":191,"column":0},"end":{"line":191,"column":8}},"191":{"start":{"line":192,"column":0},"end":{"line":192,"column":0}},"192":{"start":{"line":193,"column":0},"end":{"line":193,"column":35}},"193":{"start":{"line":194,"column":0},"end":{"line":194,"column":0}},"194":{"start":{"line":195,"column":0},"end":{"line":195,"column":42}},"195":{"start":{"line":196,"column":0},"end":{"line":196,"column":31}},"196":{"start":{"line":197,"column":0},"end":{"line":197,"column":0}},"197":{"start":{"line":198,"column":0},"end":{"line":198,"column":21}},"198":{"start":{"line":199,"column":0},"end":{"line":199,"column":46}},"199":{"start":{"line":200,"column":0},"end":{"line":200,"column":54}},"200":{"start":{"line":201,"column":0},"end":{"line":201,"column":23}},"201":{"start":{"line":202,"column":0},"end":{"line":202,"column":29}},"202":{"start":{"line":203,"column":0},"end":{"line":203,"column":37}},"203":{"start":{"line":204,"column":0},"end":{"line":204,"column":7}},"204":{"start":{"line":205,"column":0},"end":{"line":205,"column":0}},"205":{"start":{"line":206,"column":0},"end":{"line":206,"column":18}},"206":{"start":{"line":207,"column":0},"end":{"line":207,"column":21}},"207":{"start":{"line":208,"column":0},"end":{"line":208,"column":50}},"208":{"start":{"line":209,"column":0},"end":{"line":209,"column":60}},"209":{"start":{"line":210,"column":0},"end":{"line":210,"column":5}},"210":{"start":{"line":211,"column":0},"end":{"line":211,"column":3}},"211":{"start":{"line":212,"column":0},"end":{"line":212,"column":0}},"212":{"start":{"line":213,"column":0},"end":{"line":213,"column":5}},"213":{"start":{"line":214,"column":0},"end":{"line":214,"column":27}},"214":{"start":{"line":215,"column":0},"end":{"line":215,"column":5}},"215":{"start":{"line":216,"column":0},"end":{"line":216,"column":51}},"216":{"start":{"line":217,"column":0},"end":{"line":217,"column":9}},"217":{"start":{"line":218,"column":0},"end":{"line":218,"column":44}},"218":{"start":{"line":219,"column":0},"end":{"line":219,"column":0}},"219":{"start":{"line":220,"column":0},"end":{"line":220,"column":22}},"220":{"start":{"line":221,"column":0},"end":{"line":221,"column":59}},"221":{"start":{"line":222,"column":0},"end":{"line":222,"column":42}},"222":{"start":{"line":223,"column":0},"end":{"line":223,"column":7}},"223":{"start":{"line":224,"column":0},"end":{"line":224,"column":0}},"224":{"start":{"line":225,"column":0},"end":{"line":225,"column":68}},"225":{"start":{"line":226,"column":0},"end":{"line":226,"column":25}},"226":{"start":{"line":227,"column":0},"end":{"line":227,"column":55}},"227":{"start":{"line":228,"column":0},"end":{"line":228,"column":8}},"228":{"start":{"line":229,"column":0},"end":{"line":229,"column":0}},"229":{"start":{"line":230,"column":0},"end":{"line":230,"column":36}},"230":{"start":{"line":231,"column":0},"end":{"line":231,"column":0}},"231":{"start":{"line":232,"column":0},"end":{"line":232,"column":26}},"232":{"start":{"line":233,"column":0},"end":{"line":233,"column":46}},"233":{"start":{"line":234,"column":0},"end":{"line":234,"column":54}},"234":{"start":{"line":235,"column":0},"end":{"line":235,"column":37}},"235":{"start":{"line":236,"column":0},"end":{"line":236,"column":0}},"236":{"start":{"line":237,"column":0},"end":{"line":237,"column":17}},"237":{"start":{"line":238,"column":0},"end":{"line":238,"column":21}},"238":{"start":{"line":239,"column":0},"end":{"line":239,"column":51}},"239":{"start":{"line":240,"column":0},"end":{"line":240,"column":40}},"240":{"start":{"line":241,"column":0},"end":{"line":241,"column":5}},"241":{"start":{"line":242,"column":0},"end":{"line":242,"column":3}},"242":{"start":{"line":243,"column":0},"end":{"line":243,"column":0}},"243":{"start":{"line":244,"column":0},"end":{"line":244,"column":5}},"244":{"start":{"line":245,"column":0},"end":{"line":245,"column":19}},"245":{"start":{"line":246,"column":0},"end":{"line":246,"column":5}},"246":{"start":{"line":247,"column":0},"end":{"line":247,"column":53}},"247":{"start":{"line":248,"column":0},"end":{"line":248,"column":9}},"248":{"start":{"line":249,"column":0},"end":{"line":249,"column":44}},"249":{"start":{"line":250,"column":0},"end":{"line":250,"column":0}},"250":{"start":{"line":251,"column":0},"end":{"line":251,"column":22}},"251":{"start":{"line":252,"column":0},"end":{"line":252,"column":65}},"252":{"start":{"line":253,"column":0},"end":{"line":253,"column":43}},"253":{"start":{"line":254,"column":0},"end":{"line":254,"column":7}},"254":{"start":{"line":255,"column":0},"end":{"line":255,"column":0}},"255":{"start":{"line":256,"column":0},"end":{"line":256,"column":61}},"256":{"start":{"line":257,"column":0},"end":{"line":257,"column":22}},"257":{"start":{"line":258,"column":0},"end":{"line":258,"column":55}},"258":{"start":{"line":259,"column":0},"end":{"line":259,"column":8}},"259":{"start":{"line":260,"column":0},"end":{"line":260,"column":0}},"260":{"start":{"line":261,"column":0},"end":{"line":261,"column":35}},"261":{"start":{"line":262,"column":0},"end":{"line":262,"column":0}},"262":{"start":{"line":263,"column":0},"end":{"line":263,"column":40}},"263":{"start":{"line":264,"column":0},"end":{"line":264,"column":30}},"264":{"start":{"line":265,"column":0},"end":{"line":265,"column":21}},"265":{"start":{"line":266,"column":0},"end":{"line":266,"column":56}},"266":{"start":{"line":267,"column":0},"end":{"line":267,"column":41}},"267":{"start":{"line":268,"column":0},"end":{"line":268,"column":5}},"268":{"start":{"line":269,"column":0},"end":{"line":269,"column":3}},"269":{"start":{"line":270,"column":0},"end":{"line":270,"column":0}},"270":{"start":{"line":271,"column":0},"end":{"line":271,"column":5}},"271":{"start":{"line":272,"column":0},"end":{"line":272,"column":53}},"272":{"start":{"line":273,"column":0},"end":{"line":273,"column":49}},"273":{"start":{"line":274,"column":0},"end":{"line":274,"column":5}},"274":{"start":{"line":275,"column":0},"end":{"line":275,"column":78}},"275":{"start":{"line":276,"column":0},"end":{"line":276,"column":9}},"276":{"start":{"line":277,"column":0},"end":{"line":277,"column":44}},"277":{"start":{"line":278,"column":0},"end":{"line":278,"column":0}},"278":{"start":{"line":279,"column":0},"end":{"line":279,"column":22}},"279":{"start":{"line":280,"column":0},"end":{"line":280,"column":52}},"280":{"start":{"line":281,"column":0},"end":{"line":281,"column":39}},"281":{"start":{"line":282,"column":0},"end":{"line":282,"column":7}},"282":{"start":{"line":283,"column":0},"end":{"line":283,"column":0}},"283":{"start":{"line":284,"column":0},"end":{"line":284,"column":51}},"284":{"start":{"line":285,"column":0},"end":{"line":285,"column":0}},"285":{"start":{"line":286,"column":0},"end":{"line":286,"column":39}},"286":{"start":{"line":287,"column":0},"end":{"line":287,"column":40}},"287":{"start":{"line":288,"column":0},"end":{"line":288,"column":39}},"288":{"start":{"line":289,"column":0},"end":{"line":289,"column":7}},"289":{"start":{"line":290,"column":0},"end":{"line":290,"column":0}},"290":{"start":{"line":291,"column":0},"end":{"line":291,"column":70}},"291":{"start":{"line":292,"column":0},"end":{"line":292,"column":0}},"292":{"start":{"line":293,"column":0},"end":{"line":293,"column":20}},"293":{"start":{"line":294,"column":0},"end":{"line":294,"column":20}},"294":{"start":{"line":295,"column":0},"end":{"line":295,"column":0}},"295":{"start":{"line":296,"column":0},"end":{"line":296,"column":42}},"296":{"start":{"line":297,"column":0},"end":{"line":297,"column":13}},"297":{"start":{"line":298,"column":0},"end":{"line":298,"column":66}},"298":{"start":{"line":299,"column":0},"end":{"line":299,"column":27}},"299":{"start":{"line":300,"column":0},"end":{"line":300,"column":60}},"300":{"start":{"line":301,"column":0},"end":{"line":301,"column":39}},"301":{"start":{"line":302,"column":0},"end":{"line":302,"column":12}},"302":{"start":{"line":303,"column":0},"end":{"line":303,"column":0}},"303":{"start":{"line":304,"column":0},"end":{"line":304,"column":28}},"304":{"start":{"line":305,"column":0},"end":{"line":305,"column":44}},"305":{"start":{"line":306,"column":0},"end":{"line":306,"column":20}},"306":{"start":{"line":307,"column":0},"end":{"line":307,"column":18}},"307":{"start":{"line":308,"column":0},"end":{"line":308,"column":20}},"308":{"start":{"line":309,"column":0},"end":{"line":309,"column":11}},"309":{"start":{"line":310,"column":0},"end":{"line":310,"column":17}},"310":{"start":{"line":311,"column":0},"end":{"line":311,"column":18}},"311":{"start":{"line":312,"column":0},"end":{"line":312,"column":9}},"312":{"start":{"line":313,"column":0},"end":{"line":313,"column":7}},"313":{"start":{"line":314,"column":0},"end":{"line":314,"column":0}},"314":{"start":{"line":315,"column":0},"end":{"line":315,"column":70}},"315":{"start":{"line":316,"column":0},"end":{"line":316,"column":31}},"316":{"start":{"line":317,"column":0},"end":{"line":317,"column":21}},"317":{"start":{"line":318,"column":0},"end":{"line":318,"column":41}},"318":{"start":{"line":319,"column":0},"end":{"line":319,"column":37}},"319":{"start":{"line":320,"column":0},"end":{"line":320,"column":5}},"320":{"start":{"line":321,"column":0},"end":{"line":321,"column":3}},"321":{"start":{"line":322,"column":0},"end":{"line":322,"column":0}},"322":{"start":{"line":323,"column":0},"end":{"line":323,"column":52}},"323":{"start":{"line":324,"column":0},"end":{"line":324,"column":0}},"324":{"start":{"line":325,"column":0},"end":{"line":325,"column":46}},"325":{"start":{"line":326,"column":0},"end":{"line":326,"column":9}},"326":{"start":{"line":327,"column":0},"end":{"line":327,"column":63}},"327":{"start":{"line":328,"column":0},"end":{"line":328,"column":45}},"328":{"start":{"line":329,"column":0},"end":{"line":329,"column":13}},"329":{"start":{"line":330,"column":0},"end":{"line":330,"column":15}},"330":{"start":{"line":331,"column":0},"end":{"line":331,"column":5}},"331":{"start":{"line":332,"column":0},"end":{"line":332,"column":3}},"332":{"start":{"line":333,"column":0},"end":{"line":333,"column":0}},"333":{"start":{"line":334,"column":0},"end":{"line":334,"column":56}},"334":{"start":{"line":335,"column":0},"end":{"line":335,"column":70}},"335":{"start":{"line":336,"column":0},"end":{"line":336,"column":3}},"336":{"start":{"line":337,"column":0},"end":{"line":337,"column":0}},"337":{"start":{"line":338,"column":0},"end":{"line":338,"column":60}},"338":{"start":{"line":339,"column":0},"end":{"line":339,"column":44}},"339":{"start":{"line":340,"column":0},"end":{"line":340,"column":48}},"340":{"start":{"line":341,"column":0},"end":{"line":341,"column":3}},"341":{"start":{"line":342,"column":0},"end":{"line":342,"column":0}},"342":{"start":{"line":343,"column":0},"end":{"line":343,"column":88}},"343":{"start":{"line":344,"column":0},"end":{"line":344,"column":44}},"344":{"start":{"line":345,"column":0},"end":{"line":345,"column":41}},"345":{"start":{"line":346,"column":0},"end":{"line":346,"column":62}},"346":{"start":{"line":347,"column":0},"end":{"line":347,"column":0}},"347":{"start":{"line":348,"column":0},"end":{"line":348,"column":31}},"348":{"start":{"line":349,"column":0},"end":{"line":349,"column":14}},"349":{"start":{"line":350,"column":0},"end":{"line":350,"column":9}},"350":{"start":{"line":351,"column":0},"end":{"line":351,"column":18}},"351":{"start":{"line":352,"column":0},"end":{"line":352,"column":20}},"352":{"start":{"line":353,"column":0},"end":{"line":353,"column":5}},"353":{"start":{"line":354,"column":0},"end":{"line":354,"column":0}},"354":{"start":{"line":355,"column":0},"end":{"line":355,"column":22}},"355":{"start":{"line":356,"column":0},"end":{"line":356,"column":33}},"356":{"start":{"line":357,"column":0},"end":{"line":357,"column":0}},"357":{"start":{"line":358,"column":0},"end":{"line":358,"column":27}},"358":{"start":{"line":359,"column":0},"end":{"line":359,"column":31}},"359":{"start":{"line":360,"column":0},"end":{"line":360,"column":0}},"360":{"start":{"line":361,"column":0},"end":{"line":361,"column":16}},"361":{"start":{"line":362,"column":0},"end":{"line":362,"column":3}},"362":{"start":{"line":363,"column":0},"end":{"line":363,"column":0}},"363":{"start":{"line":364,"column":0},"end":{"line":364,"column":88}},"364":{"start":{"line":365,"column":0},"end":{"line":365,"column":44}},"365":{"start":{"line":366,"column":0},"end":{"line":366,"column":52}},"366":{"start":{"line":367,"column":0},"end":{"line":367,"column":0}},"367":{"start":{"line":368,"column":0},"end":{"line":368,"column":33}},"368":{"start":{"line":369,"column":0},"end":{"line":369,"column":0}},"369":{"start":{"line":370,"column":0},"end":{"line":370,"column":49}},"370":{"start":{"line":371,"column":0},"end":{"line":371,"column":33}},"371":{"start":{"line":372,"column":0},"end":{"line":372,"column":0}},"372":{"start":{"line":373,"column":0},"end":{"line":373,"column":27}},"373":{"start":{"line":374,"column":0},"end":{"line":374,"column":31}},"374":{"start":{"line":375,"column":0},"end":{"line":375,"column":0}},"375":{"start":{"line":376,"column":0},"end":{"line":376,"column":24}},"376":{"start":{"line":377,"column":0},"end":{"line":377,"column":3}},"377":{"start":{"line":378,"column":0},"end":{"line":378,"column":0}},"378":{"start":{"line":379,"column":0},"end":{"line":379,"column":95}},"379":{"start":{"line":380,"column":0},"end":{"line":380,"column":44}},"380":{"start":{"line":381,"column":0},"end":{"line":381,"column":47}},"381":{"start":{"line":382,"column":0},"end":{"line":382,"column":0}},"382":{"start":{"line":383,"column":0},"end":{"line":383,"column":27}},"383":{"start":{"line":384,"column":0},"end":{"line":384,"column":0}},"384":{"start":{"line":385,"column":0},"end":{"line":385,"column":51}},"385":{"start":{"line":386,"column":0},"end":{"line":386,"column":63}},"386":{"start":{"line":387,"column":0},"end":{"line":387,"column":0}},"387":{"start":{"line":388,"column":0},"end":{"line":388,"column":38}},"388":{"start":{"line":389,"column":0},"end":{"line":389,"column":15}},"389":{"start":{"line":390,"column":0},"end":{"line":390,"column":23}},"390":{"start":{"line":391,"column":0},"end":{"line":391,"column":16}},"391":{"start":{"line":392,"column":0},"end":{"line":392,"column":15}},"392":{"start":{"line":393,"column":0},"end":{"line":393,"column":17}},"393":{"start":{"line":394,"column":0},"end":{"line":394,"column":19}},"394":{"start":{"line":395,"column":0},"end":{"line":395,"column":5}},"395":{"start":{"line":396,"column":0},"end":{"line":396,"column":0}},"396":{"start":{"line":397,"column":0},"end":{"line":397,"column":52}},"397":{"start":{"line":398,"column":0},"end":{"line":398,"column":32}},"398":{"start":{"line":399,"column":0},"end":{"line":399,"column":33}},"399":{"start":{"line":400,"column":0},"end":{"line":400,"column":0}},"400":{"start":{"line":401,"column":0},"end":{"line":401,"column":27}},"401":{"start":{"line":402,"column":0},"end":{"line":402,"column":31}},"402":{"start":{"line":403,"column":0},"end":{"line":403,"column":0}},"403":{"start":{"line":404,"column":0},"end":{"line":404,"column":23}},"404":{"start":{"line":405,"column":0},"end":{"line":405,"column":3}},"405":{"start":{"line":406,"column":0},"end":{"line":406,"column":0}},"406":{"start":{"line":407,"column":0},"end":{"line":407,"column":51}},"407":{"start":{"line":408,"column":0},"end":{"line":408,"column":44}},"408":{"start":{"line":409,"column":0},"end":{"line":409,"column":52}},"409":{"start":{"line":410,"column":0},"end":{"line":410,"column":0}},"410":{"start":{"line":411,"column":0},"end":{"line":411,"column":44}},"411":{"start":{"line":412,"column":0},"end":{"line":412,"column":37}},"412":{"start":{"line":413,"column":0},"end":{"line":413,"column":5}},"413":{"start":{"line":414,"column":0},"end":{"line":414,"column":0}},"414":{"start":{"line":415,"column":0},"end":{"line":415,"column":35}},"415":{"start":{"line":416,"column":0},"end":{"line":416,"column":0}},"416":{"start":{"line":417,"column":0},"end":{"line":417,"column":27}},"417":{"start":{"line":418,"column":0},"end":{"line":418,"column":31}},"418":{"start":{"line":419,"column":0},"end":{"line":419,"column":0}},"419":{"start":{"line":420,"column":0},"end":{"line":420,"column":15}},"420":{"start":{"line":421,"column":0},"end":{"line":421,"column":3}},"421":{"start":{"line":422,"column":0},"end":{"line":422,"column":0}},"422":{"start":{"line":423,"column":0},"end":{"line":423,"column":54}},"423":{"start":{"line":424,"column":0},"end":{"line":424,"column":44}},"424":{"start":{"line":425,"column":0},"end":{"line":425,"column":66}},"425":{"start":{"line":426,"column":0},"end":{"line":426,"column":0}},"426":{"start":{"line":427,"column":0},"end":{"line":427,"column":36}},"427":{"start":{"line":428,"column":0},"end":{"line":428,"column":14}},"428":{"start":{"line":429,"column":0},"end":{"line":429,"column":35}},"429":{"start":{"line":430,"column":0},"end":{"line":430,"column":25}},"430":{"start":{"line":431,"column":0},"end":{"line":431,"column":24}},"431":{"start":{"line":432,"column":0},"end":{"line":432,"column":19}},"432":{"start":{"line":433,"column":0},"end":{"line":433,"column":25}},"433":{"start":{"line":434,"column":0},"end":{"line":434,"column":23}},"434":{"start":{"line":435,"column":0},"end":{"line":435,"column":24}},"435":{"start":{"line":436,"column":0},"end":{"line":436,"column":27}},"436":{"start":{"line":437,"column":0},"end":{"line":437,"column":21}},"437":{"start":{"line":438,"column":0},"end":{"line":438,"column":22}},"438":{"start":{"line":439,"column":0},"end":{"line":439,"column":23}},"439":{"start":{"line":440,"column":0},"end":{"line":440,"column":28}},"440":{"start":{"line":441,"column":0},"end":{"line":441,"column":45}},"441":{"start":{"line":442,"column":0},"end":{"line":442,"column":47}},"442":{"start":{"line":443,"column":0},"end":{"line":443,"column":43}},"443":{"start":{"line":444,"column":0},"end":{"line":444,"column":9}},"444":{"start":{"line":445,"column":0},"end":{"line":445,"column":7}},"445":{"start":{"line":446,"column":0},"end":{"line":446,"column":5}},"446":{"start":{"line":447,"column":0},"end":{"line":447,"column":0}},"447":{"start":{"line":448,"column":0},"end":{"line":448,"column":28}},"448":{"start":{"line":449,"column":0},"end":{"line":449,"column":76}},"449":{"start":{"line":450,"column":0},"end":{"line":450,"column":74}},"450":{"start":{"line":451,"column":0},"end":{"line":451,"column":0}},"451":{"start":{"line":452,"column":0},"end":{"line":452,"column":87}},"452":{"start":{"line":453,"column":0},"end":{"line":453,"column":95}},"453":{"start":{"line":454,"column":0},"end":{"line":454,"column":0}},"454":{"start":{"line":455,"column":0},"end":{"line":455,"column":100}},"455":{"start":{"line":456,"column":0},"end":{"line":456,"column":92}},"456":{"start":{"line":457,"column":0},"end":{"line":457,"column":87}},"457":{"start":{"line":458,"column":0},"end":{"line":458,"column":103}},"458":{"start":{"line":459,"column":0},"end":{"line":459,"column":0}},"459":{"start":{"line":460,"column":0},"end":{"line":460,"column":105}},"460":{"start":{"line":461,"column":0},"end":{"line":461,"column":106}},"461":{"start":{"line":462,"column":0},"end":{"line":462,"column":0}},"462":{"start":{"line":463,"column":0},"end":{"line":463,"column":12}},"463":{"start":{"line":464,"column":0},"end":{"line":464,"column":33}},"464":{"start":{"line":465,"column":0},"end":{"line":465,"column":42}},"465":{"start":{"line":466,"column":0},"end":{"line":466,"column":40}},"466":{"start":{"line":467,"column":0},"end":{"line":467,"column":47}},"467":{"start":{"line":468,"column":0},"end":{"line":468,"column":59}},"468":{"start":{"line":469,"column":0},"end":{"line":469,"column":55}},"469":{"start":{"line":470,"column":0},"end":{"line":470,"column":86}},"470":{"start":{"line":471,"column":0},"end":{"line":471,"column":76}},"471":{"start":{"line":472,"column":0},"end":{"line":472,"column":51}},"472":{"start":{"line":473,"column":0},"end":{"line":473,"column":53}},"473":{"start":{"line":474,"column":0},"end":{"line":474,"column":21}},"474":{"start":{"line":475,"column":0},"end":{"line":475,"column":26}},"475":{"start":{"line":476,"column":0},"end":{"line":476,"column":43}},"476":{"start":{"line":477,"column":0},"end":{"line":477,"column":45}},"477":{"start":{"line":478,"column":0},"end":{"line":478,"column":41}},"478":{"start":{"line":479,"column":0},"end":{"line":479,"column":7}},"479":{"start":{"line":480,"column":0},"end":{"line":480,"column":5}},"480":{"start":{"line":481,"column":0},"end":{"line":481,"column":3}},"481":{"start":{"line":482,"column":0},"end":{"line":482,"column":0}},"482":{"start":{"line":483,"column":0},"end":{"line":483,"column":46}},"483":{"start":{"line":484,"column":0},"end":{"line":484,"column":0}},"484":{"start":{"line":485,"column":0},"end":{"line":485,"column":48}},"485":{"start":{"line":486,"column":0},"end":{"line":486,"column":81}},"486":{"start":{"line":487,"column":0},"end":{"line":487,"column":32}},"487":{"start":{"line":488,"column":0},"end":{"line":488,"column":22}},"488":{"start":{"line":489,"column":0},"end":{"line":489,"column":74}},"489":{"start":{"line":490,"column":0},"end":{"line":490,"column":5}},"490":{"start":{"line":491,"column":0},"end":{"line":491,"column":3}},"491":{"start":{"line":492,"column":0},"end":{"line":492,"column":0}},"492":{"start":{"line":493,"column":0},"end":{"line":493,"column":47}},"493":{"start":{"line":494,"column":0},"end":{"line":494,"column":81}},"494":{"start":{"line":495,"column":0},"end":{"line":495,"column":57}},"495":{"start":{"line":496,"column":0},"end":{"line":496,"column":72}},"496":{"start":{"line":497,"column":0},"end":{"line":497,"column":3}},"497":{"start":{"line":498,"column":0},"end":{"line":498,"column":0}},"498":{"start":{"line":499,"column":0},"end":{"line":499,"column":44}},"499":{"start":{"line":500,"column":0},"end":{"line":500,"column":83}},"500":{"start":{"line":501,"column":0},"end":{"line":501,"column":44}},"501":{"start":{"line":502,"column":0},"end":{"line":502,"column":53}},"502":{"start":{"line":503,"column":0},"end":{"line":503,"column":3}},"503":{"start":{"line":504,"column":0},"end":{"line":504,"column":1}},"504":{"start":{"line":505,"column":0},"end":{"line":505,"column":0}},"505":{"start":{"line":506,"column":0},"end":{"line":506,"column":28}},"506":{"start":{"line":507,"column":0},"end":{"line":507,"column":45}}},"s":{"0":1,"1":1,"2":1,"3":1,"4":1,"5":1,"6":1,"7":1,"8":1,"9":1,"10":1,"11":1,"12":28,"13":28,"14":1,"15":1,"16":1,"17":1,"18":1,"19":34,"20":34,"21":34,"22":34,"23":34,"24":22,"25":34,"26":12,"27":12,"28":34,"29":1,"30":1,"31":1,"32":1,"33":1,"34":15,"35":15,"36":15,"37":15,"38":15,"39":15,"40":15,"41":15,"42":13,"43":13,"44":13,"45":2,"46":2,"47":15,"48":15,"49":15,"50":2,"51":2,"52":2,"53":2,"54":2,"55":2,"56":4,"57":2,"58":2,"59":4,"60":15,"61":15,"62":15,"63":15,"64":15,"65":15,"66":0,"67":0,"68":0,"69":15,"70":1,"71":1,"72":1,"73":1,"74":1,"75":3,"76":3,"77":3,"78":3,"79":1,"80":1,"81":2,"82":2,"83":2,"84":2,"85":2,"86":2,"87":3,"88":1,"89":1,"90":3,"91":3,"92":0,"93":0,"94":0,"95":3,"96":1,"97":1,"98":1,"99":1,"100":1,"101":2,"102":2,"103":2,"104":2,"105":1,"106":1,"107":1,"108":1,"109":1,"110":1,"111":1,"112":1,"113":1,"114":1,"115":2,"116":1,"117":1,"118":1,"119":1,"120":1,"121":1,"122":1,"123":1,"124":1,"125":1,"126":1,"127":1,"128":1,"129":2,"130":0,"131":0,"132":0,"133":2,"134":1,"135":1,"136":1,"137":1,"138":1,"139":3,"140":3,"141":3,"142":3,"143":1,"144":1,"145":2,"146":2,"147":2,"148":2,"149":2,"150":2,"151":2,"152":3,"153":1,"154":1,"155":1,"156":1,"157":1,"158":1,"159":1,"160":3,"161":0,"162":0,"163":0,"164":1,"165":1,"166":3,"167":0,"168":0,"169":0,"170":3,"171":1,"172":1,"173":1,"174":1,"175":1,"176":2,"177":2,"178":2,"179":2,"180":1,"181":1,"182":1,"183":1,"184":1,"185":1,"186":1,"187":1,"188":1,"189":1,"190":1,"191":1,"192":2,"193":1,"194":1,"195":1,"196":1,"197":1,"198":1,"199":1,"200":2,"201":0,"202":0,"203":0,"204":1,"205":1,"206":2,"207":0,"208":0,"209":0,"210":2,"211":1,"212":1,"213":1,"214":1,"215":1,"216":3,"217":3,"218":3,"219":3,"220":1,"221":1,"222":1,"223":2,"224":2,"225":2,"226":2,"227":2,"228":2,"229":3,"230":1,"231":1,"232":1,"233":1,"234":1,"235":1,"236":1,"237":3,"238":0,"239":0,"240":0,"241":3,"242":1,"243":1,"244":1,"245":1,"246":1,"247":3,"248":3,"249":3,"250":3,"251":1,"252":1,"253":1,"254":2,"255":2,"256":2,"257":2,"258":2,"259":2,"260":3,"261":1,"262":1,"263":3,"264":3,"265":0,"266":0,"267":0,"268":3,"269":1,"270":1,"271":1,"272":1,"273":1,"274":1,"275":3,"276":3,"277":3,"278":3,"279":1,"280":1,"281":1,"282":2,"283":2,"284":2,"285":3,"286":0,"287":0,"288":0,"289":2,"290":2,"291":2,"292":2,"293":2,"294":2,"295":2,"296":2,"297":2,"298":2,"299":2,"300":2,"301":2,"302":2,"303":2,"304":1,"305":1,"306":1,"307":1,"308":1,"309":2,"310":0,"311":0,"312":2,"313":2,"314":2,"315":2,"316":3,"317":0,"318":0,"319":0,"320":3,"321":1,"322":1,"323":1,"324":1,"325":25,"326":25,"327":25,"328":25,"329":0,"330":0,"331":25,"332":1,"333":1,"334":8,"335":8,"336":1,"337":1,"338":1,"339":1,"340":1,"341":1,"342":1,"343":1,"344":1,"345":1,"346":1,"347":1,"348":1,"349":1,"350":1,"351":1,"352":1,"353":1,"354":1,"355":1,"356":1,"357":1,"358":1,"359":1,"360":1,"361":1,"362":1,"363":1,"364":1,"365":1,"366":1,"367":1,"368":1,"369":1,"370":1,"371":1,"372":1,"373":1,"374":1,"375":1,"376":1,"377":1,"378":1,"379":1,"380":1,"381":1,"382":1,"383":1,"384":1,"385":1,"386":1,"387":1,"388":1,"389":1,"390":1,"391":1,"392":1,"393":1,"394":1,"395":1,"396":1,"397":1,"398":1,"399":1,"400":1,"401":1,"402":1,"403":1,"404":1,"405":1,"406":1,"407":1,"408":1,"409":1,"410":1,"411":0,"412":0,"413":1,"414":1,"415":1,"416":1,"417":1,"418":1,"419":1,"420":1,"421":1,"422":1,"423":1,"424":1,"425":1,"426":1,"427":0,"428":0,"429":0,"430":0,"431":0,"432":0,"433":0,"434":0,"435":0,"436":0,"437":0,"438":0,"439":0,"440":0,"441":0,"442":0,"443":0,"444":0,"445":0,"446":1,"447":1,"448":1,"449":1,"450":1,"451":1,"452":1,"453":1,"454":1,"455":1,"456":1,"457":1,"458":1,"459":1,"460":1,"461":1,"462":1,"463":1,"464":1,"465":1,"466":1,"467":1,"468":1,"469":1,"470":1,"471":1,"472":1,"473":1,"474":1,"475":1,"476":1,"477":1,"478":1,"479":1,"480":1,"481":1,"482":1,"483":1,"484":1,"485":4,"486":4,"487":4,"488":4,"489":4,"490":4,"491":1,"492":1,"493":2,"494":2,"495":2,"496":2,"497":1,"498":1,"499":2,"500":2,"501":2,"502":2,"503":1,"504":1,"505":1,"506":1},"branchMap":{"0":{"type":"branch","line":10,"loc":{"start":{"line":10,"column":10},"end":{"line":10,"column":25}},"locations":[{"start":{"line":10,"column":10},"end":{"line":10,"column":25}}]},"1":{"type":"branch","line":12,"loc":{"start":{"line":12,"column":2},"end":{"line":14,"column":3}},"locations":[{"start":{"line":12,"column":2},"end":{"line":14,"column":3}}]},"2":{"type":"branch","line":19,"loc":{"start":{"line":19,"column":2},"end":{"line":29,"column":3}},"locations":[{"start":{"line":19,"column":2},"end":{"line":29,"column":3}}]},"3":{"type":"branch","line":24,"loc":{"start":{"line":24,"column":7},"end":{"line":26,"column":12}},"locations":[{"start":{"line":24,"column":7},"end":{"line":26,"column":12}}]},"4":{"type":"branch","line":26,"loc":{"start":{"line":26,"column":4},"end":{"line":28,"column":5}},"locations":[{"start":{"line":26,"column":4},"end":{"line":28,"column":5}}]},"5":{"type":"branch","line":34,"loc":{"start":{"line":34,"column":2},"end":{"line":70,"column":3}},"locations":[{"start":{"line":34,"column":2},"end":{"line":70,"column":3}}]},"6":{"type":"branch","line":42,"loc":{"start":{"line":42,"column":21},"end":{"line":48,"column":19}},"locations":[{"start":{"line":42,"column":21},"end":{"line":48,"column":19}}]},"7":{"type":"branch","line":45,"loc":{"start":{"line":45,"column":6},"end":{"line":48,"column":19}},"locations":[{"start":{"line":45,"column":6},"end":{"line":48,"column":19}}]},"8":{"type":"branch","line":48,"loc":{"start":{"line":48,"column":10},"end":{"line":48,"column":27}},"locations":[{"start":{"line":48,"column":10},"end":{"line":48,"column":27}}]},"9":{"type":"branch","line":48,"loc":{"start":{"line":48,"column":27},"end":{"line":49,"column":26}},"locations":[{"start":{"line":48,"column":27},"end":{"line":49,"column":26}}]},"10":{"type":"branch","line":48,"loc":{"start":{"line":48,"column":27},"end":{"line":48,"column":66}},"locations":[{"start":{"line":48,"column":27},"end":{"line":48,"column":66}}]},"11":{"type":"branch","line":48,"loc":{"start":{"line":48,"column":65},"end":{"line":49,"column":19}},"locations":[{"start":{"line":48,"column":65},"end":{"line":49,"column":19}}]},"12":{"type":"branch","line":49,"loc":{"start":{"line":49,"column":10},"end":{"line":49,"column":26}},"locations":[{"start":{"line":49,"column":10},"end":{"line":49,"column":26}}]},"13":{"type":"branch","line":49,"loc":{"start":{"line":49,"column":26},"end":{"line":50,"column":27}},"locations":[{"start":{"line":49,"column":26},"end":{"line":50,"column":27}}]},"14":{"type":"branch","line":49,"loc":{"start":{"line":49,"column":26},"end":{"line":49,"column":74}},"locations":[{"start":{"line":49,"column":26},"end":{"line":49,"column":74}}]},"15":{"type":"branch","line":49,"loc":{"start":{"line":49,"column":73},"end":{"line":50,"column":19}},"locations":[{"start":{"line":49,"column":73},"end":{"line":50,"column":19}}]},"16":{"type":"branch","line":50,"loc":{"start":{"line":50,"column":10},"end":{"line":50,"column":27}},"locations":[{"start":{"line":50,"column":10},"end":{"line":50,"column":27}}]},"17":{"type":"branch","line":50,"loc":{"start":{"line":50,"column":27},"end":{"line":60,"column":36}},"locations":[{"start":{"line":50,"column":27},"end":{"line":60,"column":36}}]},"18":{"type":"branch","line":50,"loc":{"start":{"line":50,"column":27},"end":{"line":50,"column":77}},"locations":[{"start":{"line":50,"column":27},"end":{"line":50,"column":77}}]},"19":{"type":"branch","line":50,"loc":{"start":{"line":50,"column":76},"end":{"line":57,"column":30}},"locations":[{"start":{"line":50,"column":76},"end":{"line":57,"column":30}}]},"20":{"type":"branch","line":57,"loc":{"start":{"line":57,"column":24},"end":{"line":57,"column":65}},"locations":[{"start":{"line":57,"column":24},"end":{"line":57,"column":65}}]},"21":{"type":"branch","line":57,"loc":{"start":{"line":57,"column":64},"end":{"line":60,"column":34}},"locations":[{"start":{"line":57,"column":64},"end":{"line":60,"column":34}}]},"22":{"type":"branch","line":60,"loc":{"start":{"line":60,"column":26},"end":{"line":60,"column":36}},"locations":[{"start":{"line":60,"column":26},"end":{"line":60,"column":36}}]},"23":{"type":"branch","line":66,"loc":{"start":{"line":66,"column":4},"end":{"line":69,"column":5}},"locations":[{"start":{"line":66,"column":4},"end":{"line":69,"column":5}}]},"24":{"type":"branch","line":75,"loc":{"start":{"line":75,"column":2},"end":{"line":96,"column":3}},"locations":[{"start":{"line":75,"column":2},"end":{"line":96,"column":3}}]},"25":{"type":"branch","line":79,"loc":{"start":{"line":79,"column":21},"end":{"line":81,"column":7}},"locations":[{"start":{"line":79,"column":21},"end":{"line":81,"column":7}}]},"26":{"type":"branch","line":81,"loc":{"start":{"line":81,"column":6},"end":{"line":88,"column":31}},"locations":[{"start":{"line":81,"column":6},"end":{"line":88,"column":31}}]},"27":{"type":"branch","line":88,"loc":{"start":{"line":88,"column":24},"end":{"line":91,"column":26}},"locations":[{"start":{"line":88,"column":24},"end":{"line":91,"column":26}}]},"28":{"type":"branch","line":91,"loc":{"start":{"line":91,"column":18},"end":{"line":91,"column":30}},"locations":[{"start":{"line":91,"column":18},"end":{"line":91,"column":30}}]},"29":{"type":"branch","line":92,"loc":{"start":{"line":92,"column":4},"end":{"line":95,"column":5}},"locations":[{"start":{"line":92,"column":4},"end":{"line":95,"column":5}}]},"30":{"type":"branch","line":101,"loc":{"start":{"line":101,"column":2},"end":{"line":134,"column":3}},"locations":[{"start":{"line":101,"column":2},"end":{"line":134,"column":3}}]},"31":{"type":"branch","line":105,"loc":{"start":{"line":105,"column":21},"end":{"line":116,"column":30}},"locations":[{"start":{"line":105,"column":21},"end":{"line":116,"column":30}}]},"32":{"type":"branch","line":116,"loc":{"start":{"line":116,"column":24},"end":{"line":116,"column":65}},"locations":[{"start":{"line":116,"column":24},"end":{"line":116,"column":65}}]},"33":{"type":"branch","line":116,"loc":{"start":{"line":116,"column":64},"end":{"line":130,"column":13}},"locations":[{"start":{"line":116,"column":64},"end":{"line":130,"column":13}}]},"34":{"type":"branch","line":130,"loc":{"start":{"line":130,"column":4},"end":{"line":133,"column":5}},"locations":[{"start":{"line":130,"column":4},"end":{"line":133,"column":5}}]},"35":{"type":"branch","line":139,"loc":{"start":{"line":139,"column":2},"end":{"line":171,"column":3}},"locations":[{"start":{"line":139,"column":2},"end":{"line":171,"column":3}}]},"36":{"type":"branch","line":143,"loc":{"start":{"line":143,"column":21},"end":{"line":145,"column":7}},"locations":[{"start":{"line":143,"column":21},"end":{"line":145,"column":7}}]},"37":{"type":"branch","line":145,"loc":{"start":{"line":145,"column":6},"end":{"line":153,"column":31}},"locations":[{"start":{"line":145,"column":6},"end":{"line":153,"column":31}}]},"38":{"type":"branch","line":153,"loc":{"start":{"line":153,"column":24},"end":{"line":161,"column":22}},"locations":[{"start":{"line":153,"column":24},"end":{"line":161,"column":22}}]},"39":{"type":"branch","line":161,"loc":{"start":{"line":161,"column":22},"end":{"line":164,"column":7}},"locations":[{"start":{"line":161,"column":22},"end":{"line":164,"column":7}}]},"40":{"type":"branch","line":164,"loc":{"start":{"line":164,"column":6},"end":{"line":167,"column":13}},"locations":[{"start":{"line":164,"column":6},"end":{"line":167,"column":13}}]},"41":{"type":"branch","line":167,"loc":{"start":{"line":167,"column":4},"end":{"line":170,"column":5}},"locations":[{"start":{"line":167,"column":4},"end":{"line":170,"column":5}}]},"42":{"type":"branch","line":176,"loc":{"start":{"line":176,"column":2},"end":{"line":211,"column":3}},"locations":[{"start":{"line":176,"column":2},"end":{"line":211,"column":3}}]},"43":{"type":"branch","line":180,"loc":{"start":{"line":180,"column":21},"end":{"line":193,"column":31}},"locations":[{"start":{"line":180,"column":21},"end":{"line":193,"column":31}}]},"44":{"type":"branch","line":193,"loc":{"start":{"line":193,"column":24},"end":{"line":193,"column":35}},"locations":[{"start":{"line":193,"column":24},"end":{"line":193,"column":35}}]},"45":{"type":"branch","line":193,"loc":{"start":{"line":193,"column":31},"end":{"line":201,"column":22}},"locations":[{"start":{"line":193,"column":31},"end":{"line":201,"column":22}}]},"46":{"type":"branch","line":201,"loc":{"start":{"line":201,"column":22},"end":{"line":204,"column":7}},"locations":[{"start":{"line":201,"column":22},"end":{"line":204,"column":7}}]},"47":{"type":"branch","line":204,"loc":{"start":{"line":204,"column":6},"end":{"line":207,"column":13}},"locations":[{"start":{"line":204,"column":6},"end":{"line":207,"column":13}}]},"48":{"type":"branch","line":207,"loc":{"start":{"line":207,"column":4},"end":{"line":210,"column":5}},"locations":[{"start":{"line":207,"column":4},"end":{"line":210,"column":5}}]},"49":{"type":"branch","line":216,"loc":{"start":{"line":216,"column":2},"end":{"line":242,"column":3}},"locations":[{"start":{"line":216,"column":2},"end":{"line":242,"column":3}}]},"50":{"type":"branch","line":220,"loc":{"start":{"line":220,"column":21},"end":{"line":223,"column":7}},"locations":[{"start":{"line":220,"column":21},"end":{"line":223,"column":7}}]},"51":{"type":"branch","line":223,"loc":{"start":{"line":223,"column":6},"end":{"line":230,"column":31}},"locations":[{"start":{"line":223,"column":6},"end":{"line":230,"column":31}}]},"52":{"type":"branch","line":230,"loc":{"start":{"line":230,"column":24},"end":{"line":238,"column":13}},"locations":[{"start":{"line":230,"column":24},"end":{"line":238,"column":13}}]},"53":{"type":"branch","line":238,"loc":{"start":{"line":238,"column":4},"end":{"line":241,"column":5}},"locations":[{"start":{"line":238,"column":4},"end":{"line":241,"column":5}}]},"54":{"type":"branch","line":247,"loc":{"start":{"line":247,"column":2},"end":{"line":269,"column":3}},"locations":[{"start":{"line":247,"column":2},"end":{"line":269,"column":3}}]},"55":{"type":"branch","line":251,"loc":{"start":{"line":251,"column":21},"end":{"line":254,"column":7}},"locations":[{"start":{"line":251,"column":21},"end":{"line":254,"column":7}}]},"56":{"type":"branch","line":254,"loc":{"start":{"line":254,"column":6},"end":{"line":261,"column":31}},"locations":[{"start":{"line":254,"column":6},"end":{"line":261,"column":31}}]},"57":{"type":"branch","line":261,"loc":{"start":{"line":261,"column":24},"end":{"line":264,"column":26}},"locations":[{"start":{"line":261,"column":24},"end":{"line":264,"column":26}}]},"58":{"type":"branch","line":264,"loc":{"start":{"line":264,"column":18},"end":{"line":264,"column":30}},"locations":[{"start":{"line":264,"column":18},"end":{"line":264,"column":30}}]},"59":{"type":"branch","line":265,"loc":{"start":{"line":265,"column":4},"end":{"line":268,"column":5}},"locations":[{"start":{"line":265,"column":4},"end":{"line":268,"column":5}}]},"60":{"type":"branch","line":275,"loc":{"start":{"line":275,"column":2},"end":{"line":321,"column":3}},"locations":[{"start":{"line":275,"column":2},"end":{"line":321,"column":3}}]},"61":{"type":"branch","line":279,"loc":{"start":{"line":279,"column":21},"end":{"line":282,"column":7}},"locations":[{"start":{"line":279,"column":21},"end":{"line":282,"column":7}}]},"62":{"type":"branch","line":282,"loc":{"start":{"line":282,"column":6},"end":{"line":286,"column":38}},"locations":[{"start":{"line":282,"column":6},"end":{"line":286,"column":38}}]},"63":{"type":"branch","line":286,"loc":{"start":{"line":286,"column":38},"end":{"line":289,"column":7}},"locations":[{"start":{"line":286,"column":38},"end":{"line":289,"column":7}}]},"64":{"type":"branch","line":289,"loc":{"start":{"line":289,"column":6},"end":{"line":317,"column":13}},"locations":[{"start":{"line":289,"column":6},"end":{"line":317,"column":13}}]},"65":{"type":"branch","line":304,"loc":{"start":{"line":304,"column":27},"end":{"line":309,"column":11}},"locations":[{"start":{"line":304,"column":27},"end":{"line":309,"column":11}}]},"66":{"type":"branch","line":310,"loc":{"start":{"line":310,"column":8},"end":{"line":312,"column":9}},"locations":[{"start":{"line":310,"column":8},"end":{"line":312,"column":9}}]},"67":{"type":"branch","line":317,"loc":{"start":{"line":317,"column":4},"end":{"line":320,"column":5}},"locations":[{"start":{"line":317,"column":4},"end":{"line":320,"column":5}}]},"68":{"type":"branch","line":325,"loc":{"start":{"line":325,"column":10},"end":{"line":332,"column":3}},"locations":[{"start":{"line":325,"column":10},"end":{"line":332,"column":3}}]},"69":{"type":"branch","line":328,"loc":{"start":{"line":328,"column":13},"end":{"line":328,"column":43}},"locations":[{"start":{"line":328,"column":13},"end":{"line":328,"column":43}}]},"70":{"type":"branch","line":328,"loc":{"start":{"line":328,"column":39},"end":{"line":328,"column":45}},"locations":[{"start":{"line":328,"column":39},"end":{"line":328,"column":45}}]},"71":{"type":"branch","line":329,"loc":{"start":{"line":329,"column":4},"end":{"line":331,"column":5}},"locations":[{"start":{"line":329,"column":4},"end":{"line":331,"column":5}}]},"72":{"type":"branch","line":334,"loc":{"start":{"line":334,"column":10},"end":{"line":336,"column":3}},"locations":[{"start":{"line":334,"column":10},"end":{"line":336,"column":3}}]},"73":{"type":"branch","line":338,"loc":{"start":{"line":338,"column":10},"end":{"line":341,"column":3}},"locations":[{"start":{"line":338,"column":10},"end":{"line":341,"column":3}}]},"74":{"type":"branch","line":340,"loc":{"start":{"line":340,"column":39},"end":{"line":340,"column":48}},"locations":[{"start":{"line":340,"column":39},"end":{"line":340,"column":48}}]},"75":{"type":"branch","line":340,"loc":{"start":{"line":340,"column":23},"end":{"line":340,"column":39}},"locations":[{"start":{"line":340,"column":23},"end":{"line":340,"column":39}}]},"76":{"type":"branch","line":343,"loc":{"start":{"line":343,"column":10},"end":{"line":362,"column":3}},"locations":[{"start":{"line":343,"column":10},"end":{"line":362,"column":3}}]},"77":{"type":"branch","line":364,"loc":{"start":{"line":364,"column":10},"end":{"line":377,"column":3}},"locations":[{"start":{"line":364,"column":10},"end":{"line":377,"column":3}}]},"78":{"type":"branch","line":368,"loc":{"start":{"line":368,"column":22},"end":{"line":368,"column":33}},"locations":[{"start":{"line":368,"column":22},"end":{"line":368,"column":33}}]},"79":{"type":"branch","line":366,"loc":{"start":{"line":366,"column":35},"end":{"line":366,"column":51}},"locations":[{"start":{"line":366,"column":35},"end":{"line":366,"column":51}}]},"80":{"type":"branch","line":379,"loc":{"start":{"line":379,"column":10},"end":{"line":405,"column":3}},"locations":[{"start":{"line":379,"column":10},"end":{"line":405,"column":3}}]},"81":{"type":"branch","line":383,"loc":{"start":{"line":383,"column":16},"end":{"line":383,"column":27}},"locations":[{"start":{"line":383,"column":16},"end":{"line":383,"column":27}}]},"82":{"type":"branch","line":381,"loc":{"start":{"line":381,"column":30},"end":{"line":381,"column":46}},"locations":[{"start":{"line":381,"column":30},"end":{"line":381,"column":46}}]},"83":{"type":"branch","line":397,"loc":{"start":{"line":397,"column":35},"end":{"line":397,"column":51}},"locations":[{"start":{"line":397,"column":35},"end":{"line":397,"column":51}}]},"84":{"type":"branch","line":407,"loc":{"start":{"line":407,"column":10},"end":{"line":421,"column":3}},"locations":[{"start":{"line":407,"column":10},"end":{"line":421,"column":3}}]},"85":{"type":"branch","line":411,"loc":{"start":{"line":411,"column":43},"end":{"line":413,"column":5}},"locations":[{"start":{"line":411,"column":43},"end":{"line":413,"column":5}}]},"86":{"type":"branch","line":409,"loc":{"start":{"line":409,"column":35},"end":{"line":409,"column":51}},"locations":[{"start":{"line":409,"column":35},"end":{"line":409,"column":51}}]},"87":{"type":"branch","line":423,"loc":{"start":{"line":423,"column":10},"end":{"line":481,"column":3}},"locations":[{"start":{"line":423,"column":10},"end":{"line":481,"column":3}}]},"88":{"type":"branch","line":427,"loc":{"start":{"line":427,"column":35},"end":{"line":446,"column":5}},"locations":[{"start":{"line":427,"column":35},"end":{"line":446,"column":5}}]},"89":{"type":"branch","line":455,"loc":{"start":{"line":455,"column":93},"end":{"line":455,"column":100}},"locations":[{"start":{"line":455,"column":93},"end":{"line":455,"column":100}}]},"90":{"type":"branch","line":456,"loc":{"start":{"line":456,"column":82},"end":{"line":456,"column":92}},"locations":[{"start":{"line":456,"column":82},"end":{"line":456,"column":92}}]},"91":{"type":"branch","line":457,"loc":{"start":{"line":457,"column":46},"end":{"line":457,"column":86}},"locations":[{"start":{"line":457,"column":46},"end":{"line":457,"column":86}}]},"92":{"type":"branch","line":458,"loc":{"start":{"line":458,"column":39},"end":{"line":458,"column":72}},"locations":[{"start":{"line":458,"column":39},"end":{"line":458,"column":72}}]},"93":{"type":"branch","line":458,"loc":{"start":{"line":458,"column":91},"end":{"line":458,"column":103}},"locations":[{"start":{"line":458,"column":91},"end":{"line":458,"column":103}}]},"94":{"type":"branch","line":460,"loc":{"start":{"line":460,"column":100},"end":{"line":460,"column":105}},"locations":[{"start":{"line":460,"column":100},"end":{"line":460,"column":105}}]},"95":{"type":"branch","line":461,"loc":{"start":{"line":461,"column":101},"end":{"line":461,"column":106}},"locations":[{"start":{"line":461,"column":101},"end":{"line":461,"column":106}}]},"96":{"type":"branch","line":470,"loc":{"start":{"line":470,"column":41},"end":{"line":470,"column":84}},"locations":[{"start":{"line":470,"column":41},"end":{"line":470,"column":84}}]},"97":{"type":"branch","line":425,"loc":{"start":{"line":425,"column":39},"end":{"line":425,"column":65}},"locations":[{"start":{"line":425,"column":39},"end":{"line":425,"column":65}}]},"98":{"type":"branch","line":449,"loc":{"start":{"line":449,"column":46},"end":{"line":449,"column":75}},"locations":[{"start":{"line":449,"column":46},"end":{"line":449,"column":75}}]},"99":{"type":"branch","line":449,"loc":{"start":{"line":449,"column":54},"end":{"line":449,"column":74}},"locations":[{"start":{"line":449,"column":54},"end":{"line":449,"column":74}}]},"100":{"type":"branch","line":450,"loc":{"start":{"line":450,"column":45},"end":{"line":450,"column":73}},"locations":[{"start":{"line":450,"column":45},"end":{"line":450,"column":73}}]},"101":{"type":"branch","line":450,"loc":{"start":{"line":450,"column":53},"end":{"line":450,"column":72}},"locations":[{"start":{"line":450,"column":53},"end":{"line":450,"column":72}}]},"102":{"type":"branch","line":452,"loc":{"start":{"line":452,"column":46},"end":{"line":452,"column":85}},"locations":[{"start":{"line":452,"column":46},"end":{"line":452,"column":85}}]},"103":{"type":"branch","line":452,"loc":{"start":{"line":452,"column":67},"end":{"line":452,"column":85}},"locations":[{"start":{"line":452,"column":67},"end":{"line":452,"column":85}}]},"104":{"type":"branch","line":460,"loc":{"start":{"line":460,"column":77},"end":{"line":460,"column":99}},"locations":[{"start":{"line":460,"column":77},"end":{"line":460,"column":99}}]},"105":{"type":"branch","line":460,"loc":{"start":{"line":460,"column":84},"end":{"line":460,"column":99}},"locations":[{"start":{"line":460,"column":84},"end":{"line":460,"column":99}}]},"106":{"type":"branch","line":461,"loc":{"start":{"line":461,"column":78},"end":{"line":461,"column":100}},"locations":[{"start":{"line":461,"column":78},"end":{"line":461,"column":100}}]},"107":{"type":"branch","line":461,"loc":{"start":{"line":461,"column":85},"end":{"line":461,"column":100}},"locations":[{"start":{"line":461,"column":85},"end":{"line":461,"column":100}}]},"108":{"type":"branch","line":485,"loc":{"start":{"line":485,"column":10},"end":{"line":491,"column":3}},"locations":[{"start":{"line":485,"column":10},"end":{"line":491,"column":3}}]},"109":{"type":"branch","line":486,"loc":{"start":{"line":486,"column":71},"end":{"line":486,"column":80}},"locations":[{"start":{"line":486,"column":71},"end":{"line":486,"column":80}}]},"110":{"type":"branch","line":493,"loc":{"start":{"line":493,"column":10},"end":{"line":497,"column":3}},"locations":[{"start":{"line":493,"column":10},"end":{"line":497,"column":3}}]},"111":{"type":"branch","line":499,"loc":{"start":{"line":499,"column":10},"end":{"line":503,"column":3}},"locations":[{"start":{"line":499,"column":10},"end":{"line":503,"column":3}}]},"112":{"type":"branch","line":500,"loc":{"start":{"line":500,"column":73},"end":{"line":500,"column":82}},"locations":[{"start":{"line":500,"column":73},"end":{"line":500,"column":82}}]},"113":{"type":"branch","line":502,"loc":{"start":{"line":502,"column":25},"end":{"line":502,"column":52}},"locations":[{"start":{"line":502,"column":25},"end":{"line":502,"column":52}}]}},"b":{"0":[28],"1":[28],"2":[34],"3":[22],"4":[12],"5":[15],"6":[13],"7":[2],"8":[1],"9":[4],"10":[1],"11":[2],"12":[1],"13":[4],"14":[1],"15":[2],"16":[1],"17":[4],"18":[0],"19":[2],"20":[0],"21":[2],"22":[0],"23":[0],"24":[3],"25":[1],"26":[2],"27":[1],"28":[0],"29":[0],"30":[2],"31":[1],"32":[0],"33":[1],"34":[0],"35":[3],"36":[1],"37":[2],"38":[1],"39":[0],"40":[1],"41":[0],"42":[2],"43":[1],"44":[0],"45":[1],"46":[0],"47":[1],"48":[0],"49":[3],"50":[1],"51":[2],"52":[1],"53":[0],"54":[3],"55":[1],"56":[2],"57":[1],"58":[0],"59":[0],"60":[3],"61":[1],"62":[2],"63":[0],"64":[2],"65":[1],"66":[0],"67":[0],"68":[25],"69":[10],"70":[15],"71":[0],"72":[8],"73":[1],"74":[0],"75":[1],"76":[1],"77":[1],"78":[0],"79":[1],"80":[1],"81":[0],"82":[1],"83":[1],"84":[1],"85":[0],"86":[1],"87":[1],"88":[0],"89":[0],"90":[0],"91":[0],"92":[0],"93":[0],"94":[0],"95":[0],"96":[0],"97":[1],"98":[1],"99":[0],"100":[1],"101":[0],"102":[1],"103":[0],"104":[1],"105":[0],"106":[1],"107":[0],"108":[4],"109":[0],"110":[2],"111":[2],"112":[0],"113":[2]},"fnMap":{"0":{"name":"<instance_members_initializer>","decl":{"start":{"line":10,"column":10},"end":{"line":10,"column":25}},"loc":{"start":{"line":10,"column":10},"end":{"line":10,"column":25}},"line":10},"1":{"name":"TradeAPIClient","decl":{"start":{"line":12,"column":2},"end":{"line":14,"column":3}},"loc":{"start":{"line":12,"column":2},"end":{"line":14,"column":3}},"line":12},"2":{"name":"isOnline","decl":{"start":{"line":19,"column":2},"end":{"line":29,"column":3}},"loc":{"start":{"line":19,"column":2},"end":{"line":29,"column":3}},"line":19},"3":{"name":"getTrades","decl":{"start":{"line":34,"column":2},"end":{"line":70,"column":3}},"loc":{"start":{"line":34,"column":2},"end":{"line":70,"column":3}},"line":34},"4":{"name":"getTrade","decl":{"start":{"line":75,"column":2},"end":{"line":96,"column":3}},"loc":{"start":{"line":75,"column":2},"end":{"line":96,"column":3}},"line":75},"5":{"name":"createTrade","decl":{"start":{"line":101,"column":2},"end":{"line":134,"column":3}},"loc":{"start":{"line":101,"column":2},"end":{"line":134,"column":3}},"line":101},"6":{"name":"updateTrade","decl":{"start":{"line":139,"column":2},"end":{"line":171,"column":3}},"loc":{"start":{"line":139,"column":2},"end":{"line":171,"column":3}},"line":139},"7":{"name":"closeTrade","decl":{"start":{"line":176,"column":2},"end":{"line":211,"column":3}},"loc":{"start":{"line":176,"column":2},"end":{"line":211,"column":3}},"line":176},"8":{"name":"deleteTrade","decl":{"start":{"line":216,"column":2},"end":{"line":242,"column":3}},"loc":{"start":{"line":216,"column":2},"end":{"line":242,"column":3}},"line":216},"9":{"name":"getStatistics","decl":{"start":{"line":247,"column":2},"end":{"line":269,"column":3}},"loc":{"start":{"line":247,"column":2},"end":{"line":269,"column":3}},"line":247},"10":{"name":"syncLocalStorageToAPI","decl":{"start":{"line":275,"column":2},"end":{"line":321,"column":3}},"loc":{"start":{"line":275,"column":2},"end":{"line":321,"column":3}},"line":275},"11"
[...]
:[1],"18":[5],"19":[3],"20":[2],"21":[3],"22":[0],"23":[2],"24":[1],"25":[2],"26":[1],"27":[1],"28":[2],"29":[1],"30":[2],"31":[1],"32":[1],"33":[2],"34":[1],"35":[2],"36":[1],"37":[2],"38":[1],"39":[4],"40":[3],"41":[0],"42":[3],"43":[0],"44":[2],"45":[0],"46":[1],"47":[0],"48":[3],"49":[0],"50":[3],"51":[0],"52":[3],"53":[3],"54":[3],"55":[3],"56":[0],"57":[3],"58":[0],"59":[3],"60":[3],"61":[3],"62":[0],"63":[3],"64":[9],"65":[0]},"fnMap":{"0":{"name":"createTrade","decl":{"start":{"line":9,"column":9},"end":{"line":26,"column":3}},"loc":{"start":{"line":9,"column":9},"end":{"line":26,"column":3}},"line":9},"1":{"name":"getTradeSync","decl":{"start":{"line":31,"column":17},"end":{"line":34,"column":3}},"loc":{"start":{"line":31,"column":17},"end":{"line":34,"column":3}},"line":31},"2":{"name":"getTrade","decl":{"start":{"line":39,"column":9},"end":{"line":41,"column":3}},"loc":{"start":{"line":39,"column":9},"end":{"line":41,"column":3}},"line":39},"3":{"name":"getAllTrades","decl":{"start":{"line":46,"column":9},"end":{"line":57,"column":3}},"loc":{"start":{"line":46,"column":9},"end":{"line":57,"column":3}},"line":46},"4":{"name":"updateTradeSync","decl":{"start":{"line":62,"column":17},"end":{"line":70,"column":3}},"loc":{"start":{"line":62,"column":17},"end":{"line":70,"column":3}},"line":62},"5":{"name":"updateTrade","decl":{"start":{"line":75,"column":9},"end":{"line":86,"column":3}},"loc":{"start":{"line":75,"column":9},"end":{"line":86,"column":3}},"line":75},"6":{"name":"closeTrade","decl":{"start":{"line":91,"column":9},"end":{"line":118,"column":3}},"loc":{"start":{"line":91,"column":9},"end":{"line":118,"column":3}},"line":91},"7":{"name":"deleteTrade","decl":{"start":{"line":123,"column":9},"end":{"line":127,"column":3}},"loc":{"start":{"line":123,"column":9},"end":{"line":127,"column":3}},"line":123},"8":{"name":"getFilteredTrades","decl":{"start":{"line":132,"column":9},"end":{"line":172,"column":3}},"loc":{"start":{"line":132,"column":9},"end":{"line":172,"column":3}},"line":132},"9":{"name":"calculateStatistics","decl":{"start":{"line":177,"column":9},"end":{"line":223,"column":3}},"loc":{"start":{"line":177,"column":9},"end":{"line":223,"column":3}},"line":177},"10":{"name":"calculateByStrategy","decl":{"start":{"line":228,"column":17},"end":{"line":256,"column":3}},"loc":{"start":{"line":228,"column":17},"end":{"line":256,"column":3}},"line":228},"11":{"name":"calculateByConfluence","decl":{"start":{"line":261,"column":17},"end":{"line":283,"column":3}},"loc":{"start":{"line":261,"column":17},"end":{"line":283,"column":3}},"line":261},"12":{"name":"calculateStats","decl":{"start":{"line":266,"column":27},"end":{"line":276,"column":5}},"loc":{"start":{"line":266,"column":27},"end":{"line":276,"column":5}},"line":266},"13":{"name":"exportToCSV","decl":{"start":{"line":288,"column":9},"end":{"line":343,"column":3}},"loc":{"start":{"line":288,"column":9},"end":{"line":343,"column":3}},"line":288},"14":{"name":"getNextTradeNumber","decl":{"start":{"line":348,"column":9},"end":{"line":351,"column":3}},"loc":{"start":{"line":348,"column":9},"end":{"line":351,"column":3}},"line":348},"15":{"name":"syncPendingTrades","decl":{"start":{"line":356,"column":2},"end":{"line":358,"column":3}},"loc":{"start":{"line":356,"column":2},"end":{"line":358,"column":3}},"line":356}},"f":{"0":5,"1":8,"2":2,"3":4,"4":9,"5":4,"6":6,"7":3,"8":0,"9":3,"10":3,"11":3,"12":9,"13":0,"14":0,"15":0}}
,"/Users/bebeto/SOP10-Trader-App/src/utils/localStorage.ts": {"path":"/Users/bebeto/SOP10-Trader-App/src/utils/localStorage.ts","all":false,"statementMap":{"0":{"start":{"line":1,"column":0},"end":{"line":1,"column":37}},"1":{"start":{"line":2,"column":0},"end":{"line":2,"column":0}},"2":{"start":{"line":3,"column":0},"end":{"line":3,"column":33}},"3":{"start":{"line":4,"column":0},"end":{"line":4,"column":0}},"4":{"start":{"line":5,"column":0},"end":{"line":5,"column":3}},"5":{"start":{"line":6,"column":0},"end":{"line":6,"column":33}},"6":{"start":{"line":7,"column":0},"end":{"line":7,"column":3}},"7":{"start":{"line":8,"column":0},"end":{"line":8,"column":56}},"8":{"start":{"line":9,"column":0},"end":{"line":9,"column":7}},"9":{"start":{"line":10,"column":0},"end":{"line":10,"column":61}},"10":{"start":{"line":11,"column":0},"end":{"line":11,"column":38}},"11":{"start":{"line":12,"column":0},"end":{"line":12,"column":34}},"12":{"start":{"line":13,"column":0},"end":{"line":13,"column":34}},"13":{"start":{"line":14,"column":0},"end":{"line":14,"column":7}},"14":{"start":{"line":15,"column":0},"end":{"line":15,"column":18}},"15":{"start":{"line":16,"column":0},"end":{"line":16,"column":6}},"16":{"start":{"line":17,"column":0},"end":{"line":17,"column":48}},"17":{"start":{"line":18,"column":0},"end":{"line":18,"column":19}},"18":{"start":{"line":19,"column":0},"end":{"line":19,"column":64}},"19":{"start":{"line":20,"column":0},"end":{"line":20,"column":3}},"20":{"start":{"line":21,"column":0},"end":{"line":21,"column":1}},"21":{"start":{"line":22,"column":0},"end":{"line":22,"column":0}},"22":{"start":{"line":23,"column":0},"end":{"line":23,"column":3}},"23":{"start":{"line":24,"column":0},"end":{"line":24,"column":35}},"24":{"start":{"line":25,"column":0},"end":{"line":25,"column":3}},"25":{"start":{"line":26,"column":0},"end":{"line":26,"column":44}},"26":{"start":{"line":27,"column":0},"end":{"line":27,"column":7}},"27":{"start":{"line":28,"column":0},"end":{"line":28,"column":55}},"28":{"start":{"line":29,"column":0},"end":{"line":29,"column":22}},"29":{"start":{"line":30,"column":0},"end":{"line":30,"column":15}},"30":{"start":{"line":31,"column":0},"end":{"line":31,"column":5}},"31":{"start":{"line":32,"column":0},"end":{"line":32,"column":0}},"32":{"start":{"line":33,"column":0},"end":{"line":33,"column":59}},"33":{"start":{"line":34,"column":0},"end":{"line":34,"column":48}},"34":{"start":{"line":35,"column":0},"end":{"line":35,"column":54}},"35":{"start":{"line":36,"column":0},"end":{"line":36,"column":30}},"36":{"start":{"line":37,"column":0},"end":{"line":37,"column":7}},"37":{"start":{"line":38,"column":0},"end":{"line":38,"column":18}},"38":{"start":{"line":39,"column":0},"end":{"line":39,"column":6}},"39":{"start":{"line":40,"column":0},"end":{"line":40,"column":0}},"40":{"start":{"line":41,"column":0},"end":{"line":41,"column":46}},"41":{"start":{"line":42,"column":0},"end":{"line":42,"column":19}},"42":{"start":{"line":43,"column":0},"end":{"line":43,"column":67}},"43":{"start":{"line":44,"column":0},"end":{"line":44,"column":13}},"44":{"start":{"line":45,"column":0},"end":{"line":45,"column":3}},"45":{"start":{"line":46,"column":0},"end":{"line":46,"column":1}},"46":{"start":{"line":47,"column":0},"end":{"line":47,"column":0}},"47":{"start":{"line":48,"column":0},"end":{"line":48,"column":3}},"48":{"start":{"line":49,"column":0},"end":{"line":49,"column":27}},"49":{"start":{"line":50,"column":0},"end":{"line":50,"column":3}},"50":{"start":{"line":51,"column":0},"end":{"line":51,"column":37}},"51":{"start":{"line":52,"column":0},"end":{"line":52,"column":7}},"52":{"start":{"line":53,"column":0},"end":{"line":53,"column":39}},"53":{"start":{"line":54,"column":0},"end":{"line":54,"column":19}},"54":{"start":{"line":55,"column":0},"end":{"line":55,"column":50}},"55":{"start":{"line":56,"column":0},"end":{"line":56,"column":3}},"56":{"start":{"line":57,"column":0},"end":{"line":57,"column":1}},"57":{"start":{"line":58,"column":0},"end":{"line":58,"column":0}},"58":{"start":{"line":59,"column":0},"end":{"line":59,"column":3}},"59":{"start":{"line":60,"column":0},"end":{"line":60,"column":61}},"60":{"start":{"line":61,"column":0},"end":{"line":61,"column":3}},"61":{"start":{"line":62,"column":0},"end":{"line":62,"column":46}},"62":{"start":{"line":63,"column":0},"end":{"line":63,"column":29}},"63":{"start":{"line":64,"column":0},"end":{"line":64,"column":26}},"64":{"start":{"line":65,"column":0},"end":{"line":65,"column":1}}},"s":{"0":1,"1":1,"2":1,"3":1,"4":1,"5":1,"6":1,"7":1,"8":1,"9":1,"10":1,"11":1,"12":0,"13":0,"14":1,"15":1,"16":1,"17":1,"18":0,"19":0,"20":1,"21":1,"22":1,"23":1,"24":1,"25":1,"26":1,"27":1,"28":1,"29":1,"30":1,"31":0,"32":0,"33":0,"34":0,"35":0,"36":0,"37":0,"38":0,"39":0,"40":1,"41":1,"42":0,"43":0,"44":0,"45":1,"46":1,"47":1,"48":1,"49":1,"50":1,"51":0,"52":0,"53":0,"54":0,"55":0,"56":0,"57":1,"58":1,"59":1,"60":1,"61":1,"62":0,"63":0,"64":0},"branchMap":{"0":{"type":"branch","line":8,"loc":{"start":{"line":8,"column":7},"end":{"line":21,"column":1}},"locations":[{"start":{"line":8,"column":7},"end":{"line":21,"column":1}}]},"1":{"type":"branch","line":18,"loc":{"start":{"line":18,"column":2},"end":{"line":20,"column":3}},"locations":[{"start":{"line":18,"column":2},"end":{"line":20,"column":3}}]},"2":{"type":"branch","line":10,"loc":{"start":{"line":10,"column":46},"end":{"line":16,"column":5}},"locations":[{"start":{"line":10,"column":46},"end":{"line":16,"column":5}}]},"3":{"type":"branch","line":12,"loc":{"start":{"line":12,"column":33},"end":{"line":14,"column":7}},"locations":[{"start":{"line":12,"column":33},"end":{"line":14,"column":7}}]},"4":{"type":"branch","line":26,"loc":{"start":{"line":26,"column":7},"end":{"line":46,"column":1}},"locations":[{"start":{"line":26,"column":7},"end":{"line":46,"column":1}}]},"5":{"type":"branch","line":31,"loc":{"start":{"line":31,"column":4},"end":{"line":41,"column":44}},"locations":[{"start":{"line":31,"column":4},"end":{"line":41,"column":44}}]},"6":{"type":"branch","line":41,"loc":{"start":{"line":41,"column":35},"end":{"line":41,"column":46}},"locations":[{"start":{"line":41,"column":35},"end":{"line":41,"column":46}}]},"7":{"type":"branch","line":42,"loc":{"start":{"line":42,"column":2},"end":{"line":45,"column":3}},"locations":[{"start":{"line":42,"column":2},"end":{"line":45,"column":3}}]}},"b":{"0":[1],"1":[0],"2":[1],"3":[0],"4":[1],"5":[0],"6":[0],"7":[0]},"fnMap":{"0":{"name":"saveTrades","decl":{"start":{"line":8,"column":7},"end":{"line":21,"column":1}},"loc":{"start":{"line":8,"column":7},"end":{"line":21,"column":1}},"line":8},"1":{"name":"loadTrades","decl":{"start":{"line":26,"column":7},"end":{"line":46,"column":1}},"loc":{"start":{"line":26,"column":7},"end":{"line":46,"column":1}},"line":26},"2":{"name":"clearTrades","decl":{"start":{"line":51,"column":7},"end":{"line":57,"column":1}},"loc":{"start":{"line":51,"column":7},"end":{"line":57,"column":1}},"line":51},"3":{"name":"getNextEntryNumber","decl":{"start":{"line":62,"column":7},"end":{"line":65,"column":1}},"loc":{"start":{"line":62,"column":7},"end":{"line":65,"column":1}},"line":62}},"f":{"0":1,"1":1,"2":0,"3":0}}
,"/Users/bebeto/SOP10-Trader-App/src/utils/sentry.ts": {"path":"/Users/bebeto/SOP10-Trader-App/src/utils/sentry.ts","all":true,"statementMap":{"0":{"start":{"line":1,"column":0},"end":{"line":1,"column":37}},"1":{"start":{"line":2,"column":0},"end":{"line":2,"column":0}},"2":{"start":{"line":3,"column":0},"end":{"line":3,"column":3}},"3":{"start":{"line":4,"column":0},"end":{"line":4,"column":49}},"4":{"start":{"line":5,"column":0},"end":{"line":5,"column":61}},"5":{"start":{"line":6,"column":0},"end":{"line":6,"column":3}},"6":{"start":{"line":7,"column":0},"end":{"line":7,"column":0}},"7":{"start":{"line":8,"column":0},"end":{"line":8,"column":66}},"8":{"start":{"line":9,"column":0},"end":{"line":9,"column":18}},"9":{"start":{"line":10,"column":0},"end":{"line":10,"column":35}},"10":{"start":{"line":11,"column":0},"end":{"line":11,"column":31}},"11":{"start":{"line":12,"column":0},"end":{"line":12,"column":0}},"12":{"start":{"line":13,"column":0},"end":{"line":13,"column":28}},"13":{"start":{"line":14,"column":0},"end":{"line":14,"column":26}},"14":{"start":{"line":15,"column":0},"end":{"line":15,"column":29}},"15":{"start":{"line":16,"column":0},"end":{"line":16,"column":58}},"16":{"start":{"line":17,"column":0},"end":{"line":17,"column":3}},"17":{"start":{"line":18,"column":0},"end":{"line":18,"column":0}},"18":{"start":{"line":19,"column":0},"end":{"line":19,"column":55}},"19":{"start":{"line":20,"column":0},"end":{"line":20,"column":20}},"20":{"start":{"line":21,"column":0},"end":{"line":21,"column":66}},"21":{"start":{"line":22,"column":0},"end":{"line":22,"column":12}},"22":{"start":{"line":23,"column":0},"end":{"line":23,"column":5}},"23":{"start":{"line":24,"column":0},"end":{"line":24,"column":0}},"24":{"start":{"line":25,"column":0},"end":{"line":25,"column":41}},"25":{"start":{"line":26,"column":0},"end":{"line":26,"column":23}},"26":{"start":{"line":27,"column":0},"end":{"line":27,"column":20}},"27":{"start":{"line":28,"column":0},"end":{"line":28,"column":18}},"28":{"start":{"line":29,"column":0},"end":{"line":29,"column":17}},"29":{"start":{"line":30,"column":0},"end":{"line":30,"column":11}},"30":{"start":{"line":31,"column":0},"end":{"line":31,"column":40}},"31":{"start":{"line":32,"column":0},"end":{"line":32,"column":33}},"32":{"start":{"line":33,"column":0},"end":{"line":33,"column":25}},"33":{"start":{"line":34,"column":0},"end":{"line":34,"column":56}},"34":{"start":{"line":35,"column":0},"end":{"line":35,"column":14}},"35":{"start":{"line":36,"column":0},"end":{"line":36,"column":12}},"36":{"start":{"line":37,"column":0},"end":{"line":37,"column":10}},"37":{"start":{"line":38,"column":0},"end":{"line":38,"column":8}},"38":{"start":{"line":39,"column":0},"end":{"line":39,"column":21}},"39":{"start":{"line":40,"column":0},"end":{"line":40,"column":42}},"40":{"start":{"line":41,"column":0},"end":{"line":41,"column":29}},"41":{"start":{"line":42,"column":0},"end":{"line":42,"column":40}},"42":{"start":{"line":43,"column":0},"end":{"line":43,"column":32}},"43":{"start":{"line":44,"column":0},"end":{"line":44,"column":34}},"44":{"start":{"line":45,"column":0},"end":{"line":45,"column":5}},"45":{"start":{"line":46,"column":0},"end":{"line":46,"column":0}},"46":{"start":{"line":47,"column":0},"end":{"line":47,"column":42}},"47":{"start":{"line":48,"column":0},"end":{"line":48,"column":73}},"48":{"start":{"line":49,"column":0},"end":{"line":49,"column":20}},"49":{"start":{"line":50,"column":0},"end":{"line":50,"column":49}},"50":{"start":{"line":51,"column":0},"end":{"line":51,"column":12}},"51":{"start":{"line":52,"column":0},"end":{"line":52,"column":5}},"52":{"start":{"line":53,"column":0},"end":{"line":53,"column":0}},"53":{"start":{"line":54,"column":0},"end":{"line":54,"column":45}},"54":{"start":{"line":55,"column":0},"end":{"line":55,"column":97}},"55":{"start":{"line":56,"column":0},"end":{"line":56,"column":0}},"56":{"start":{"line":57,"column":0},"end":{"line":57,"column":50}},"57":{"start":{"line":58,"column":0},"end":{"line":58,"column":21}},"58":{"start":{"line":59,"column":0},"end":{"line":59,"column":21}},"59":{"start":{"line":60,"column":0},"end":{"line":60,"column":54}},"60":{"start":{"line":61,"column":0},"end":{"line":61,"column":38}},"61":{"start":{"line":62,"column":0},"end":{"line":62,"column":23}},"62":{"start":{"line":63,"column":0},"end":{"line":63,"column":65}},"63":{"start":{"line":64,"column":0},"end":{"line":64,"column":6}},"64":{"start":{"line":65,"column":0},"end":{"line":65,"column":0}},"65":{"start":{"line":66,"column":0},"end":{"line":66,"column":67}},"66":{"start":{"line":67,"column":0},"end":{"line":67,"column":3}},"67":{"start":{"line":68,"column":0},"end":{"line":68,"column":0}},"68":{"start":{"line":69,"column":0},"end":{"line":69,"column":50}},"69":{"start":{"line":70,"column":0},"end":{"line":70,"column":25}},"70":{"start":{"line":71,"column":0},"end":{"line":71,"column":35}},"71":{"start":{"line":72,"column":0},"end":{"line":72,"column":42}},"72":{"start":{"line":73,"column":0},"end":{"line":73,"column":26}},"73":{"start":{"line":74,"column":0},"end":{"line":74,"column":28}},"74":{"start":{"line":75,"column":0},"end":{"line":75,"column":16}},"75":{"start":{"line":76,"column":0},"end":{"line":76,"column":15}},"76":{"start":{"line":77,"column":0},"end":{"line":77,"column":7}},"77":{"start":{"line":78,"column":0},"end":{"line":78,"column":3}},"78":{"start":{"line":79,"column":0},"end":{"line":79,"column":0}},"79":{"start":{"line":80,"column":0},"end":{"line":80,"column":57}},"80":{"start":{"line":81,"column":0},"end":{"line":81,"column":69}},"81":{"start":{"line":82,"column":0},"end":{"line":82,"column":20}},"82":{"start":{"line":83,"column":0},"end":{"line":83,"column":3}},"83":{"start":{"line":84,"column":0},"end":{"line":84,"column":1}},"84":{"start":{"line":85,"column":0},"end":{"line":85,"column":0}},"85":{"start":{"line":86,"column":0},"end":{"line":86,"column":31}},"86":{"start":{"line":87,"column":0},"end":{"line":87,"column":0}},"87":{"start":{"line":88,"column":0},"end":{"line":88,"column":36}},"88":{"start":{"line":89,"column":0},"end":{"line":89,"column":45}},"89":{"start":{"line":90,"column":0},"end":{"line":90,"column":0}},"90":{"start":{"line":91,"column":0},"end":{"line":91,"column":61}},"91":{"start":{"line":92,"column":0},"end":{"line":92,"column":49}},"92":{"start":{"line":93,"column":0},"end":{"line":93,"column":31}},"93":{"start":{"line":94,"column":0},"end":{"line":94,"column":29}},"94":{"start":{"line":95,"column":0},"end":{"line":95,"column":31}},"95":{"start":{"line":96,"column":0},"end":{"line":96,"column":21}},"96":{"start":{"line":97,"column":0},"end":{"line":97,"column":24}},"97":{"start":{"line":98,"column":0},"end":{"line":98,"column":4}},"98":{"start":{"line":99,"column":0},"end":{"line":99,"column":0}},"99":{"start":{"line":100,"column":0},"end":{"line":100,"column":13}},"100":{"start":{"line":101,"column":0},"end":{"line":101,"column":73}},"101":{"start":{"line":102,"column":0},"end":{"line":102,"column":10}},"102":{"start":{"line":103,"column":0},"end":{"line":103,"column":3}},"103":{"start":{"line":104,"column":0},"end":{"line":104,"column":0}},"104":{"start":{"line":105,"column":0},"end":{"line":105,"column":27}},"105":{"start":{"line":106,"column":0},"end":{"line":106,"column":7}},"106":{"start":{"line":107,"column":0},"end":{"line":107,"column":17}},"107":{"start":{"line":108,"column":0},"end":{"line":108,"column":10}},"108":{"start":{"line":109,"column":0},"end":{"line":109,"column":40}},"109":{"start":{"line":110,"column":0},"end":{"line":110,"column":28}},"110":{"start":{"line":111,"column":0},"end":{"line":111,"column":6}},"111":{"start":{"line":112,"column":0},"end":{"line":112,"column":15}},"112":{"start":{"line":113,"column":0},"end":{"line":113,"column":72}},"113":{"start":{"line":114,"column":0},"end":{"line":114,"column":3}},"114":{"start":{"line":115,"column":0},"end":{"line":115,"column":1}},"115":{"start":{"line":116,"column":0},"end":{"line":116,"column":0}},"116":{"start":{"line":117,"column":0},"end":{"line":117,"column":17}}},"s":{"0":0,"1":0,"2":0,"3":0,"4":0,"5":0,"6":0,"7":0,"8":0,"9":0,"10":0,"11":0,"12":0,"13":0,"14":0,"15":0,"16":0,"17":0,"18":0,"19":0,"20":0,"21":0,"22":0,"23":0,"24":0,"25":0,"26":0,"27":0,"28":0,"29":0,"30":0,"31":0,"32":0,"33":0,"34":0,"35":0,"36":0,"37":0,"38":0,"39":0,"40":0,"41":0,"42":0,"43":0,"44":0,"45":0,"46":0,"47":0,"48":0,"49":0,"50":0,"51":0,"52":0,"53":0,"54":0,"55":0,"56":0,"57":0,"58":0,"59":0,"60":0,"61":0,"62":0,"63":0,"64":0,"65":0,"66":0,"67":0,"68":0,"69":0,"70":0,"71":0,"72":0,"73":0,"74":0,"75":0,"76":0,"77":0,"78":0,"79":0,"80":0,"81":0,"82":0,"83":0,"84":0,"85":0,"86":0,"87":0,"88":0,"89":0,"90":0,"91":0,"92":0,"93":0,"94":0,"95":0,"96":0,"97":0,"98":0,"99":0,"100":0,"101":0,"102":0,"103":0,"104":0,"105":0,"106":0,"107":0,"108":0,"109":0,"110":0,"111":0,"112":0,"113":0,"114":0,"115":0,"116":0},"branchMap":{"0":{"type":"branch","line":1,"loc":{"start":{"line":1,"column":3044},"end":{"line":117,"column":17}},"locations":[{"start":{"line":1,"column":3044},"end":{"line":117,"column":17}}]}},"b":{"0":[0]},"fnMap":{"0":{"name":"(empty-report)","decl":{"start":{"line":1,"column":3044},"end":{"line":117,"column":17}},"loc":{"start":{"line":1,"column":3044},"end":{"line":117,"column":17}},"line":1}},"f":{"0":0}}
}
